{"level":"info","message":"✅ Todas las dependencias han sido configuradas exitosamente.","timestamp":"2025-07-25 14:30:12"}
{"level":"info","message":"Verificando la resolución de dependencias clave...","timestamp":"2025-07-25 14:30:12"}
{"level":"info","message":"🚀 Verificación de dependencias exitosa. El contenedor está listo.","timestamp":"2025-07-25 14:30:12"}
{"level":"info","message":"✅ Todas las dependencias han sido configuradas exitosamente.","timestamp":"2025-07-25 14:30:41"}
{"level":"info","message":"✅ Todas las dependencias han sido configuradas exitosamente.","timestamp":"2025-07-25 15:01:57"}
{"level":"info","message":"Verificando la resolución de dependencias clave...","timestamp":"2025-07-25 15:01:57"}
{"level":"info","message":"🚀 Verificación de dependencias exitosa. El contenedor está listo.","timestamp":"2025-07-25 15:01:57"}
{"level":"info","message":"RoleConfigController: Inicio del proceso de obtener los roles a traves de las configuraciones de rol","timestamp":"2025-07-25 15:02:26"}
{"level":"info","message":"RoleConfigController: Llamando al servicio RoleConfigService.findRolesByConfigRoles.","timestamp":"2025-07-25 15:02:26"}
{"level":"info","message":"RoleConfigController: Roles encontrados.","timestamp":"2025-07-25 15:02:26"}
{"level":"info","message":"✅ Todas las dependencias han sido configuradas exitosamente.","timestamp":"2025-07-25 15:36:02"}
{"level":"info","message":"Verificando la resolución de dependencias clave...","timestamp":"2025-07-25 15:36:02"}
{"level":"info","message":"🚀 Verificación de dependencias exitosa. El contenedor está listo.","timestamp":"2025-07-25 15:36:02"}
{"level":"info","message":"RoleConfigController: Inicio del proceso de obtener los roles a traves de las configuraciones de rol","timestamp":"2025-07-25 15:36:13"}
{"level":"info","message":"RoleConfigController: Llamando al servicio RoleConfigService.findRolesByConfigRoles.","timestamp":"2025-07-25 15:36:13"}
{"level":"info","message":"RoleConfigController: Roles encontrados.","timestamp":"2025-07-25 15:36:13"}
{"level":"info","message":"RoleConfigController: Inicio del proceso de obtener los roles a traves de las configuraciones de rol","timestamp":"2025-07-25 15:36:17"}
{"level":"info","message":"RoleConfigController: Llamando al servicio RoleConfigService.findRolesByConfigRoles.","timestamp":"2025-07-25 15:36:17"}
{"level":"info","message":"RoleConfigController: Roles encontrados.","timestamp":"2025-07-25 15:36:17"}
{"level":"info","message":"✅ Todas las dependencias han sido configuradas exitosamente.","timestamp":"2025-07-25 15:59:00"}
{"level":"info","message":"✅ Todas las dependencias han sido configuradas exitosamente.","timestamp":"2025-07-25 16:08:40"}
{"level":"info","message":"✅ Todas las dependencias han sido configuradas exitosamente.","timestamp":"2025-07-25 16:09:44"}
{"level":"info","message":"✅ Todas las dependencias han sido configuradas exitosamente.","timestamp":"2025-07-25 16:12:55"}
{"level":"info","message":"✅ Todas las dependencias han sido configuradas exitosamente.","timestamp":"2025-07-25 16:20:44"}
{"level":"info","message":"Verificando la resolución de dependencias clave...","timestamp":"2025-07-25 16:20:44"}
{"level":"info","message":"🚀 Verificación de dependencias exitosa. El contenedor está listo.","timestamp":"2025-07-25 16:20:44"}
{"level":"info","message":"RoleConfigController: Inicio del proceso de obtener los roles a traves de las configuraciones de rol","timestamp":"2025-07-25 16:20:49"}
{"level":"info","message":"RoleConfigController: Llamando al servicio RoleConfigService.findRolesByConfigRoles.","timestamp":"2025-07-25 16:20:49"}
{"level":"info","message":"RoleConfigController: Roles encontrados.","timestamp":"2025-07-25 16:20:49"}
