{"level":"info","message":"✅ Todas las dependencias han sido configuradas exitosamente.","timestamp":"2025-08-01 10:00:29"}
{"level":"info","message":"Verificando la resolución de dependencias clave...","timestamp":"2025-08-01 10:00:29"}
{"level":"info","message":"🚀 Verificación de dependencias exitosa. El contenedor está listo.","timestamp":"2025-08-01 10:00:29"}
{"level":"info","message":"✅ Todas las dependencias han sido configuradas exitosamente.","timestamp":"2025-08-01 10:25:33"}
{"level":"info","message":"✅ Todas las dependencias han sido configuradas exitosamente.","timestamp":"2025-08-01 10:28:45"}
{"level":"info","message":"✅ Todas las dependencias han sido configuradas exitosamente.","timestamp":"2025-08-01 10:31:18"}
{"level":"info","message":"✅ Todas las dependencias han sido configuradas exitosamente.","timestamp":"2025-08-01 10:32:19"}
{"level":"info","message":"✅ Todas las dependencias han sido configuradas exitosamente.","timestamp":"2025-08-01 10:33:20"}
{"level":"info","message":"✅ Todas las dependencias han sido configuradas exitosamente.","timestamp":"2025-08-01 11:34:31"}
{"level":"info","message":"✅ Todas las dependencias han sido configuradas exitosamente.","timestamp":"2025-08-01 11:35:15"}
{"level":"info","message":"✅ Todas las dependencias han sido configuradas exitosamente.","timestamp":"2025-08-01 11:36:29"}
{"level":"info","message":"✅ Todas las dependencias han sido configuradas exitosamente.","timestamp":"2025-08-01 11:40:15"}
{"level":"info","message":"MenuController: Inicio del proceso de obtencion del menu del usuario","timestamp":"2025-08-01 11:40:53"}
{"level":"info","message":"MenuController: Llamando al servicio UserService.getMenuUser.","timestamp":"2025-08-01 11:40:53"}
{"level":"info","message":"MenuController: Sedes encontradas.","timestamp":"2025-08-01 11:40:54"}
{"level":"info","message":"✅ Todas las dependencias han sido configuradas exitosamente.","timestamp":"2025-08-01 12:58:08"}
{"level":"info","message":"✅ Todas las dependencias han sido configuradas exitosamente.","timestamp":"2025-08-01 15:12:44"}
{"level":"info","message":"✅ Todas las dependencias han sido configuradas exitosamente.","timestamp":"2025-08-01 15:14:29"}
{"level":"info","message":"✅ Todas las dependencias han sido configuradas exitosamente.","timestamp":"2025-08-01 15:52:56"}
{"level":"info","message":"✅ Todas las dependencias han sido configuradas exitosamente.","timestamp":"2025-08-01 16:41:45"}
{"level":"info","message":"✅ Todas las dependencias han sido configuradas exitosamente.","timestamp":"2025-08-01 16:43:07"}
