{"level":"info","message":"✅ Todas las dependencias han sido configuradas exitosamente.","timestamp":"2025-07-21 12:25:50"}
{"level":"info","message":"Verificando la resolución de dependencias clave...","timestamp":"2025-07-21 12:25:50"}
{"level":"info","message":"🚀 Verificación de dependencias exitosa. El contenedor está listo.","timestamp":"2025-07-21 12:25:50"}
{"level":"info","message":"--- MIDDLEWARE: Ejecutando validateLoginData ---","timestamp":"2025-07-21 12:26:44"}
{"level":"warn","message":"La validación FALLÓ. Entrando al bloque CATCH en el middleware.","timestamp":"2025-07-21 12:26:44"}
{"level":"warn","message":"El error es de tipo ZodError. Se manejará con handleZodError.","timestamp":"2025-07-21 12:26:44"}
{"details":[{"field":"password","message":"La contraseña debe tener al menos 12 caracteres y contener al menos una mayúscula, una minúscula, un número y un carácter especial."}],"level":"warn","message":"Error de validación de Zod: Datos de login inválidos","timestamp":"2025-07-21 12:26:44"}
{"level":"info","message":"✅ Todas las dependencias han sido configuradas exitosamente.","timestamp":"2025-07-21 15:22:33"}
{"level":"info","message":"Verificando la resolución de dependencias clave...","timestamp":"2025-07-21 15:22:33"}
{"level":"info","message":"🚀 Verificación de dependencias exitosa. El contenedor está listo.","timestamp":"2025-07-21 15:22:33"}
{"level":"info","message":"--- MIDDLEWARE: Ejecutando validateLoginData ---","timestamp":"2025-07-21 15:22:50"}
{"level":"warn","message":"La validación FALLÓ. Entrando al bloque CATCH en el middleware.","timestamp":"2025-07-21 15:22:50"}
{"level":"warn","message":"El error es de tipo ZodError. Se manejará con handleZodError.","timestamp":"2025-07-21 15:22:50"}
{"details":[{"field":"password","message":"La contraseña debe tener al menos 12 caracteres y contener al menos una mayúscula, una minúscula, un número y un carácter especial."}],"level":"warn","message":"Error de validación de Zod: Datos de login inválidos","timestamp":"2025-07-21 15:22:50"}
{"level":"info","message":"--- MIDDLEWARE: Ejecutando validateLoginData ---","timestamp":"2025-07-21 15:35:03"}
{"level":"info","message":"Validación de Zod para login SUPERADA. Pasando al controlador.","timestamp":"2025-07-21 15:35:03"}
{"level":"info","message":"AuthController: Inicio del proceso de login","timestamp":"2025-07-21 15:35:03"}
{"level":"info","message":"AuthController: Usuario 'testUser' logueado exitosamente (sin 2FA).","timestamp":"2025-07-21 15:35:04"}
{"level":"info","message":"--- MIDDLEWARE: Ejecutando validateLoginData ---","timestamp":"2025-07-21 15:38:11"}
{"level":"info","message":"Validación de Zod para login SUPERADA. Pasando al controlador.","timestamp":"2025-07-21 15:38:11"}
{"level":"info","message":"AuthController: Inicio del proceso de login","timestamp":"2025-07-21 15:38:11"}
{"level":"info","message":"AuthController: Usuario 'testUser' logueado exitosamente (sin 2FA).","timestamp":"2025-07-21 15:38:12"}
{"level":"info","message":"--- MIDDLEWARE: Ejecutando validateLoginData ---","timestamp":"2025-07-21 15:40:02"}
{"level":"info","message":"Validación de Zod para login SUPERADA. Pasando al controlador.","timestamp":"2025-07-21 15:40:02"}
{"level":"info","message":"AuthController: Inicio del proceso de login","timestamp":"2025-07-21 15:40:02"}
{"level":"info","message":"AuthController: Usuario 'testUser' logueado exitosamente (sin 2FA).","timestamp":"2025-07-21 15:40:03"}
{"level":"info","message":"--- MIDDLEWARE: Ejecutando validateLoginData ---","timestamp":"2025-07-21 15:49:33"}
{"level":"info","message":"Validación de Zod para login SUPERADA. Pasando al controlador.","timestamp":"2025-07-21 15:49:33"}
{"level":"info","message":"AuthController: Inicio del proceso de login","timestamp":"2025-07-21 15:49:33"}
{"level":"info","message":"AuthController: Usuario 'testUser' logueado exitosamente (sin 2FA).","timestamp":"2025-07-21 15:49:34"}
