{"level":"info","message":"✅ Todas las dependencias han sido configuradas exitosamente.","timestamp":"2025-07-29 09:27:09"}
{"level":"info","message":"Verificando la resolución de dependencias clave...","timestamp":"2025-07-29 09:27:09"}
{"level":"info","message":"🚀 Verificación de dependencias exitosa. El contenedor está listo.","timestamp":"2025-07-29 09:27:09"}
{"level":"info","message":"RoleConfigController: Inicio del proceso de obtener los roles a traves de las configuraciones de rol","timestamp":"2025-07-29 09:27:27"}
{"level":"info","message":"RoleConfigController: Llamando al servicio RoleConfigService.findRolesByConfigRoles.","timestamp":"2025-07-29 09:27:27"}
{"level":"info","message":"LocationController: Inicio del proceso de obtencion de sedes","timestamp":"2025-07-29 09:27:27"}
{"level":"info","message":"LocationController: Llamando al servicio LocationService.findAllHeadquarters.","timestamp":"2025-07-29 09:27:27"}
{"level":"info","message":"LocationController: Sedes encontradas.","timestamp":"2025-07-29 09:27:27"}
{"data":[{"_id":"67e3494794aef1393cd0256f","idHeadquarter":"CAR-HQ-01","label":"Sede Principal Caracas","name":"Oficina Central Metropolitana"},{"_id":"67e3494794aef1393cd02570","idHeadquarter":"VAL-BR-02","label":"Sucursal Valencia Norte","name":"Centro de Operaciones Valencia"},{"_id":"67e3494794aef1393cd02571","idHeadquarter":"MAR-AG-03","label":"Agencia Maracaibo Centro","name":"Unidad de Servicio Maracaibo"}],"level":"debug","message":"LocationController: Preparando respuesta de éxito: ","timestamp":"2025-07-29 09:27:27"}
{"level":"info","message":"RoleConfigController: Roles encontrados.","timestamp":"2025-07-29 09:27:27"}
{"data":[{"_id":"67f7f5ff4f0b312a2319fc59","idRole":"04","label":"Administrador","name":"Administrador"},{"_id":"67f7f5ff4f0b312a2319fc58","idRole":"03","label":"Gestor de Inventario","name":"Gestor de Inventario"},{"_id":"67f7f5ff4f0b312a2319fc57","idRole":"02","label":"Supervisor de Inventario","name":"Supervisor de Inventario"},{"_id":"67f7f5ff4f0b312a2319fc56","idRole":"01","label":"Empleado de Almacén","name":"Empleado de Almacen"}],"level":"debug","message":"RoleConfigController: Preparando respuesta de éxito: ","timestamp":"2025-07-29 09:27:27"}
{"level":"info","message":"LocationController: Inicio del proceso de obtencion de departamentos por sede","timestamp":"2025-07-29 09:27:40"}
{"idHeadquarter":{"idHeadquarter":"67e3494794aef1393cd02571"},"level":"debug","message":"LocationController: Datos enviados por el usuario","timestamp":"2025-07-29 09:27:40"}
{"level":"info","message":"LocationController: Llamando al servicio LocationService.findDepartmentsByHeadquarter.","timestamp":"2025-07-29 09:27:40"}
{"level":"info","message":"LocationController: Departamentos encontrados.","timestamp":"2025-07-29 09:27:40"}
{"data":[{"_id":"67eead413bf36442a108d30d","idDepartment":"VNT03","label":"Ventas","name":"Ventas"},{"_id":"67eead413bf36442a108d30e","idDepartment":"ALM03","label":"Almacén","name":"Almacén"},{"_id":"67eead413bf36442a108d30c","idDepartment":"CMP03","label":"Compras","name":"Compras"},{"_id":"67eead413bf36442a108d30b","idDepartment":"ADM03","label":"Administración","name":"Administración"}],"level":"debug","message":"LocationController: Preparando respuesta de éxito: ","timestamp":"2025-07-29 09:27:40"}
{"level":"info","message":"✅ Todas las dependencias han sido configuradas exitosamente.","timestamp":"2025-07-29 09:28:27"}
{"level":"info","message":"Verificando la resolución de dependencias clave...","timestamp":"2025-07-29 09:28:27"}
{"level":"info","message":"🚀 Verificación de dependencias exitosa. El contenedor está listo.","timestamp":"2025-07-29 09:28:27"}
{"level":"info","message":"--- MIDDLEWARE: Ejecutando validateCreateUserData ---","timestamp":"2025-07-29 09:28:32"}
{"body":{"codeCountry":"+58","department":"67eead413bf36442a108d30c","email":"carlos.rodriguez@empresa.com","hasTwoFactor":false,"idUser":"USER7777","lastName":"Rodriguez","name":"Carlos","password":"Hola1234%456","phoneNumber":"04246545454","roleConfig":"67f7f5ff4f0b312a2319fc58","status":"activo","username":"careyes.19"},"level":"debug","message":"Request Body Recibido:","timestamp":"2025-07-29 09:28:32"}
{"level":"warn","message":"La validación FALLÓ. Entrando al bloque CATCH en el middleware.","timestamp":"2025-07-29 09:28:32"}
{"level":"warn","message":"El error es de tipo ZodError. Se manejará con handleZodError.","timestamp":"2025-07-29 09:28:32"}
{"details":[{"field":"department","message":"Input not instance of ObjectId"},{"field":"roleConfig","message":"Input not instance of ObjectId"}],"level":"warn","message":"Error de validación de Zod: Datos de creacion de usuario invalidos inválidos","timestamp":"2025-07-29 09:28:32"}
{"level":"info","message":"✅ Todas las dependencias han sido configuradas exitosamente.","timestamp":"2025-07-29 09:35:40"}
{"level":"info","message":"Verificando la resolución de dependencias clave...","timestamp":"2025-07-29 09:35:40"}
{"level":"info","message":"🚀 Verificación de dependencias exitosa. El contenedor está listo.","timestamp":"2025-07-29 09:35:40"}
{"level":"info","message":"--- MIDDLEWARE: Ejecutando validateCreateUserData ---","timestamp":"2025-07-29 09:35:45"}
{"body":{"codeCountry":"+58","department":"67eead413bf36442a108d30c","email":"carlos.rodriguez@empresa.com","hasTwoFactor":false,"idUser":"USER7777","lastName":"Rodriguez","name":"Carlos","password":"Hola1234%456","phoneNumber":"04246545454","roleConfig":"67f7f5ff4f0b312a2319fc58","status":"activo","username":"careyes.19"},"level":"debug","message":"Request Body Recibido:","timestamp":"2025-07-29 09:35:45"}
{"level":"info","message":"Validación de Zod para la creacion de usuario SUPERADA. Pasando al controlador.","timestamp":"2025-07-29 09:35:45"}
{"level":"info","message":"UserController: Inicio del proceso de creacion de usuario","timestamp":"2025-07-29 09:35:45"}
{"error":{"issues":[{"code":"invalid_type","expected":"string","message":"Expected string, received object","path":[],"received":"object"}],"name":"ZodError"},"level":"error","message":"UserController: Error la creacion del usuario","timestamp":"2025-07-29 09:35:45"}
{"level":"info","message":"✅ Todas las dependencias han sido configuradas exitosamente.","timestamp":"2025-07-29 09:37:21"}
{"level":"info","message":"Verificando la resolución de dependencias clave...","timestamp":"2025-07-29 09:37:21"}
{"level":"info","message":"🚀 Verificación de dependencias exitosa. El contenedor está listo.","timestamp":"2025-07-29 09:37:21"}
{"level":"info","message":"--- MIDDLEWARE: Ejecutando validateCreateUserData ---","timestamp":"2025-07-29 09:37:24"}
{"body":{"codeCountry":"+58","department":"67eead413bf36442a108d30c","email":"carlos.rodriguez@empresa.com","hasTwoFactor":false,"idUser":"USER7777","lastName":"Rodriguez","name":"Carlos","password":"Hola1234%456","phoneNumber":"04246545454","roleConfig":"67f7f5ff4f0b312a2319fc58","status":"activo","username":"careyes.19"},"level":"debug","message":"Request Body Recibido:","timestamp":"2025-07-29 09:37:24"}
{"level":"info","message":"Validación de Zod para la creacion de usuario SUPERADA. Pasando al controlador.","timestamp":"2025-07-29 09:37:24"}
{"level":"info","message":"UserController: Inicio del proceso de creacion de usuario","timestamp":"2025-07-29 09:37:24"}
{"codeCountry":"+58","department":"67eead413bf36442a108d30c","email":"carlos.rodriguez@empresa.com","hasTwoFactor":false,"idUser":"USER7777","lastName":"Rodriguez","level":"info","message":"UserController: Datos enviados por el usuario","name":"Carlos","password":"Hola1234%456","phoneNumber":"04246545454","roleConfig":"67f7f5ff4f0b312a2319fc58","status":"activo","timestamp":"2025-07-29 09:37:24","username":"careyes.19"}
{"buffer":{"data":[103,247,245,255,79,11,49,42,35,25,252,88],"type":"Buffer"},"level":"info","message":"UserController: Datos enviados por el usuario","timestamp":"2025-07-29 09:37:24"}
{"level":"info","message":"UserController: Llamando al servicio UserService.createUser.","timestamp":"2025-07-29 09:37:24"}
{"error":{"code":500,"name":"UnexpectedError"},"level":"error","message":"UserController: Error la creacion del usuario","timestamp":"2025-07-29 09:37:24"}
{"level":"info","message":"✅ Todas las dependencias han sido configuradas exitosamente.","timestamp":"2025-07-29 09:39:05"}
{"level":"info","message":"Verificando la resolución de dependencias clave...","timestamp":"2025-07-29 09:39:05"}
{"level":"info","message":"🚀 Verificación de dependencias exitosa. El contenedor está listo.","timestamp":"2025-07-29 09:39:05"}
{"level":"info","message":"--- MIDDLEWARE: Ejecutando validateCreateUserData ---","timestamp":"2025-07-29 09:39:14"}
{"body":{"codeCountry":"+58","department":"67eead413bf36442a108d30c","email":"carlos.rodriguez@empresa.com","hasTwoFactor":false,"idUser":"USER7777","lastName":"Rodriguez","name":"Carlos","password":"Hola1234%456","phoneNumber":"04246545454","roleConfig":"67f7f5ff4f0b312a2319fc58","status":"activo","username":"careyes.19"},"level":"debug","message":"Request Body Recibido:","timestamp":"2025-07-29 09:39:14"}
{"level":"info","message":"Validación de Zod para la creacion de usuario SUPERADA. Pasando al controlador.","timestamp":"2025-07-29 09:39:14"}
{"level":"info","message":"UserController: Inicio del proceso de creacion de usuario","timestamp":"2025-07-29 09:39:14"}
{"codeCountry":"+58","department":"67eead413bf36442a108d30c","email":"carlos.rodriguez@empresa.com","hasTwoFactor":false,"idUser":"USER7777","lastName":"Rodriguez","level":"info","message":"UserController: Datos enviados por el usuario","name":"Carlos","password":"Hola1234%456","phoneNumber":"04246545454","roleConfig":"67f7f5ff4f0b312a2319fc58","status":"activo","timestamp":"2025-07-29 09:39:14","username":"careyes.19"}
{"buffer":{"data":[103,247,245,255,79,11,49,42,35,25,252,88],"type":"Buffer"},"level":"info","message":"UserController: Datos enviados por el usuario","timestamp":"2025-07-29 09:39:14"}
{"level":"info","message":"UserController: Llamando al servicio UserService.createUser.","timestamp":"2025-07-29 09:39:14"}
{"error":{"code":500,"name":"UnexpectedError"},"level":"error","message":"UserController: Error la creacion del usuario","timestamp":"2025-07-29 09:39:14"}
{"level":"info","message":"✅ Todas las dependencias han sido configuradas exitosamente.","timestamp":"2025-07-29 09:42:38"}
{"level":"info","message":"Verificando la resolución de dependencias clave...","timestamp":"2025-07-29 09:42:38"}
{"level":"info","message":"🚀 Verificación de dependencias exitosa. El contenedor está listo.","timestamp":"2025-07-29 09:42:38"}
{"level":"info","message":"--- MIDDLEWARE: Ejecutando validateCreateUserData ---","timestamp":"2025-07-29 09:42:43"}
{"body":{"codeCountry":"+58","department":"67eead413bf36442a108d30c","email":"carlos.rodriguez@empresa.com","hasTwoFactor":false,"idUser":"USER7777","lastName":"Rodriguez","name":"Carlos","password":"Hola1234%456","phoneNumber":"04246545454","roleConfig":"67f7f5ff4f0b312a2319fc58","status":"activo","username":"careyes.19"},"level":"debug","message":"Request Body Recibido:","timestamp":"2025-07-29 09:42:43"}
{"level":"info","message":"Validación de Zod para la creacion de usuario SUPERADA. Pasando al controlador.","timestamp":"2025-07-29 09:42:43"}
{"level":"info","message":"UserController: Inicio del proceso de creacion de usuario","timestamp":"2025-07-29 09:42:43"}
{"codeCountry":"+58","department":"67eead413bf36442a108d30c","email":"carlos.rodriguez@empresa.com","hasTwoFactor":false,"idUser":"USER7777","lastName":"Rodriguez","level":"info","message":"UserController: Datos enviados por el usuario","name":"Carlos","password":"Hola1234%456","phoneNumber":"04246545454","roleConfig":"67f7f5ff4f0b312a2319fc58","status":"activo","timestamp":"2025-07-29 09:42:43","username":"careyes.19"}
{"buffer":{"data":[103,247,245,255,79,11,49,42,35,25,252,88],"type":"Buffer"},"level":"info","message":"UserController: Datos enviados por el usuario","timestamp":"2025-07-29 09:42:43"}
{"level":"info","message":"UserController: Llamando al servicio UserService.createUser.","timestamp":"2025-07-29 09:42:43"}
{"level":"info","message":"UserController: Usuario creado de forma exitosa.","timestamp":"2025-07-29 09:42:44"}
{"data":{"__v":0,"_id":"6888cfd4804349e472cc1a14","codeCountry":"+58","department":"67eead413bf36442a108d30c","email":"carlos.rodriguez@empresa.com","hasTwoFactor":false,"idUser":"USER7777","lastName":"Rodriguez","name":"Carlos","password":"Hola1234%456","passwordHistory":[],"phoneNumber":"04246545454","roleConfig":"67f7f5ff4f0b312a2319fc58","status":"activo","username":"careyes.19"},"level":"debug","message":"UserController: Preparando respuesta de éxito: ","timestamp":"2025-07-29 09:42:44"}
{"level":"info","message":"RoleConfigController: Inicio del proceso de obtener los roles a traves de las configuraciones de rol","timestamp":"2025-07-29 09:43:21"}
{"level":"info","message":"RoleConfigController: Llamando al servicio RoleConfigService.findRolesByConfigRoles.","timestamp":"2025-07-29 09:43:21"}
{"level":"info","message":"LocationController: Inicio del proceso de obtencion de sedes","timestamp":"2025-07-29 09:43:21"}
{"level":"info","message":"LocationController: Llamando al servicio LocationService.findAllHeadquarters.","timestamp":"2025-07-29 09:43:21"}
{"level":"info","message":"LocationController: Sedes encontradas.","timestamp":"2025-07-29 09:43:21"}
{"data":[{"_id":"67e3494794aef1393cd0256f","idHeadquarter":"CAR-HQ-01","label":"Sede Principal Caracas","name":"Oficina Central Metropolitana"},{"_id":"67e3494794aef1393cd02570","idHeadquarter":"VAL-BR-02","label":"Sucursal Valencia Norte","name":"Centro de Operaciones Valencia"},{"_id":"67e3494794aef1393cd02571","idHeadquarter":"MAR-AG-03","label":"Agencia Maracaibo Centro","name":"Unidad de Servicio Maracaibo"}],"level":"debug","message":"LocationController: Preparando respuesta de éxito: ","timestamp":"2025-07-29 09:43:21"}
{"level":"info","message":"RoleConfigController: Roles encontrados.","timestamp":"2025-07-29 09:43:21"}
{"data":[{"_id":"67f7f5ff4f0b312a2319fc59","idRole":"04","label":"Administrador","name":"Administrador"},{"_id":"67f7f5ff4f0b312a2319fc58","idRole":"03","label":"Gestor de Inventario","name":"Gestor de Inventario"},{"_id":"67f7f5ff4f0b312a2319fc57","idRole":"02","label":"Supervisor de Inventario","name":"Supervisor de Inventario"},{"_id":"67f7f5ff4f0b312a2319fc56","idRole":"01","label":"Empleado de Almacén","name":"Empleado de Almacen"}],"level":"debug","message":"RoleConfigController: Preparando respuesta de éxito: ","timestamp":"2025-07-29 09:43:21"}
{"level":"info","message":"MenuController: Inicio del proceso de obtencion del menu del usuario","timestamp":"2025-07-29 09:43:27"}
{"level":"info","message":"MenuController: Llamando al servicio UserService.getMenuUser.","timestamp":"2025-07-29 09:43:27"}
{"level":"info","message":"MenuController: Sedes encontradas.","timestamp":"2025-07-29 09:43:27"}
{"data":[{"id":"general-reports","routes":[{"active":true,"icon":"reports-icon","id":"general-reports","name":"Reportes","path":"/dashBoard/reportes","subroutes":[{"active":true,"id":"report-general","mainRoute":"general-reports","name":"Estado general","path":"/dashboard/reportes/reporte-general"},{"active":true,"id":"report-low-stock","mainRoute":"general-reports","name":"Bajo stock","path":"/dashboard/reportes/reporte-bajo-stock"},{"active":true,"id":"report-total-stock","mainRoute":"general-reports","name":"Valor total inventario","path":"/dashboard/reportes/reporte-total-stock"}]}],"title":"Reportes"},{"id":"products","routes":[{"active":true,"icon":"products-icon","id":"products","name":"Productos","path":"/dashBoard/productos","subroutes":[{"active":true,"id":"products-registry","mainRoute":"products","name":"Registrar producto","path":"/dashboard/productos/registrar-producto"},{"active":true,"id":"products-list","mainRoute":"products","name":"Listado de productos","path":"/dashboard/productos/lista-productos"},{"active":true,"id":"products-modify","mainRoute":"products","name":"Modificar producto","path":"/dashboard/productos/modificar-producto"},{"active":true,"id":"products-search","mainRoute":"products","name":"Buscar producto","path":"/dashboard/productos/buscar-producto"}]}],"title":"Productos"},{"id":"inventory-management","routes":[{"active":true,"icon":"inventory-icon","id":"inventory-management","name":"Gestión de Stock","path":"/dashBoard/inventario","subroutes":[{"active":true,"id":"inventory-adjust","mainRoute":"inventory-management","name":"Ajustar producto","path":"/dashboard/inventario/ajustar-producto"},{"active":true,"id":"inventory-sales","mainRoute":"inventory-management","name":"Registrar venta","path":"/dashboard/inventario/registrar-venta"},{"active":true,"id":"inventory-add","mainRoute":"inventory-management","name":"Agregar inventario","path":"/dashboard/inventario/agregar-inventario"}]}],"title":"Inventario"}],"level":"debug","message":"MenuController: Preparando respuesta de éxito: ","timestamp":"2025-07-29 09:43:27"}
{"level":"info","message":"RoleConfigController: Inicio del proceso de obtener los roles a traves de las configuraciones de rol","timestamp":"2025-07-29 09:44:50"}
{"level":"info","message":"RoleConfigController: Llamando al servicio RoleConfigService.findRolesByConfigRoles.","timestamp":"2025-07-29 09:44:50"}
{"level":"info","message":"LocationController: Inicio del proceso de obtencion de sedes","timestamp":"2025-07-29 09:44:50"}
{"level":"info","message":"LocationController: Llamando al servicio LocationService.findAllHeadquarters.","timestamp":"2025-07-29 09:44:50"}
{"level":"info","message":"LocationController: Sedes encontradas.","timestamp":"2025-07-29 09:44:50"}
{"data":[{"_id":"67e3494794aef1393cd0256f","idHeadquarter":"CAR-HQ-01","label":"Sede Principal Caracas","name":"Oficina Central Metropolitana"},{"_id":"67e3494794aef1393cd02570","idHeadquarter":"VAL-BR-02","label":"Sucursal Valencia Norte","name":"Centro de Operaciones Valencia"},{"_id":"67e3494794aef1393cd02571","idHeadquarter":"MAR-AG-03","label":"Agencia Maracaibo Centro","name":"Unidad de Servicio Maracaibo"}],"level":"debug","message":"LocationController: Preparando respuesta de éxito: ","timestamp":"2025-07-29 09:44:50"}
{"level":"info","message":"RoleConfigController: Roles encontrados.","timestamp":"2025-07-29 09:44:50"}
{"data":[{"_id":"67f7f5ff4f0b312a2319fc59","idRole":"04","label":"Administrador","name":"Administrador"},{"_id":"67f7f5ff4f0b312a2319fc58","idRole":"03","label":"Gestor de Inventario","name":"Gestor de Inventario"},{"_id":"67f7f5ff4f0b312a2319fc57","idRole":"02","label":"Supervisor de Inventario","name":"Supervisor de Inventario"},{"_id":"67f7f5ff4f0b312a2319fc56","idRole":"01","label":"Empleado de Almacén","name":"Empleado de Almacen"}],"level":"debug","message":"RoleConfigController: Preparando respuesta de éxito: ","timestamp":"2025-07-29 09:44:50"}
{"level":"info","message":"✅ Todas las dependencias han sido configuradas exitosamente.","timestamp":"2025-07-29 09:58:04"}
{"level":"info","message":"Verificando la resolución de dependencias clave...","timestamp":"2025-07-29 09:58:04"}
{"level":"info","message":"🚀 Verificación de dependencias exitosa. El contenedor está listo.","timestamp":"2025-07-29 09:58:04"}
{"level":"info","message":"RoleConfigController: Inicio del proceso de obtener los roles a traves de las configuraciones de rol","timestamp":"2025-07-29 09:58:40"}
{"level":"info","message":"RoleConfigController: Llamando al servicio RoleConfigService.findRolesByConfigRoles.","timestamp":"2025-07-29 09:58:40"}
{"level":"info","message":"LocationController: Inicio del proceso de obtencion de sedes","timestamp":"2025-07-29 09:58:40"}
{"level":"info","message":"LocationController: Llamando al servicio LocationService.findAllHeadquarters.","timestamp":"2025-07-29 09:58:40"}
{"level":"info","message":"LocationController: Sedes encontradas.","timestamp":"2025-07-29 09:58:40"}
{"data":[{"_id":"67e3494794aef1393cd0256f","idHeadquarter":"CAR-HQ-01","label":"Sede Principal Caracas","name":"Oficina Central Metropolitana"},{"_id":"67e3494794aef1393cd02570","idHeadquarter":"VAL-BR-02","label":"Sucursal Valencia Norte","name":"Centro de Operaciones Valencia"},{"_id":"67e3494794aef1393cd02571","idHeadquarter":"MAR-AG-03","label":"Agencia Maracaibo Centro","name":"Unidad de Servicio Maracaibo"}],"level":"debug","message":"LocationController: Preparando respuesta de éxito: ","timestamp":"2025-07-29 09:58:40"}
{"level":"info","message":"RoleConfigController: Roles encontrados.","timestamp":"2025-07-29 09:58:41"}
{"data":[{"_id":"67f7f5ff4f0b312a2319fc59","idConfigRole":"67f7f643b65f69c726675981","idRole":"04","label":"Administrador","name":"Administrador"},{"_id":"67f7f5ff4f0b312a2319fc58","idConfigRole":"67f7f643b65f69c726675980","idRole":"03","label":"Gestor de Inventario","name":"Gestor de Inventario"},{"_id":"67f7f5ff4f0b312a2319fc57","idConfigRole":"67f7f643b65f69c72667597f","idRole":"02","label":"Supervisor de Inventario","name":"Supervisor de Inventario"},{"_id":"67f7f5ff4f0b312a2319fc56","idConfigRole":"67f7f643b65f69c72667597e","idRole":"01","label":"Empleado de Almacén","name":"Empleado de Almacen"},{"idConfigRole":"68263fc7f016933bfed2ec24"}],"level":"debug","message":"RoleConfigController: Preparando respuesta de éxito: ","timestamp":"2025-07-29 09:58:41"}
{"level":"info","message":"RoleConfigController: Inicio del proceso de obtener los roles a traves de las configuraciones de rol","timestamp":"2025-07-29 09:58:42"}
{"level":"info","message":"RoleConfigController: Llamando al servicio RoleConfigService.findRolesByConfigRoles.","timestamp":"2025-07-29 09:58:42"}
{"level":"info","message":"LocationController: Inicio del proceso de obtencion de sedes","timestamp":"2025-07-29 09:58:42"}
{"level":"info","message":"LocationController: Llamando al servicio LocationService.findAllHeadquarters.","timestamp":"2025-07-29 09:58:42"}
{"level":"info","message":"LocationController: Sedes encontradas.","timestamp":"2025-07-29 09:58:42"}
{"data":[{"_id":"67e3494794aef1393cd0256f","idHeadquarter":"CAR-HQ-01","label":"Sede Principal Caracas","name":"Oficina Central Metropolitana"},{"_id":"67e3494794aef1393cd02570","idHeadquarter":"VAL-BR-02","label":"Sucursal Valencia Norte","name":"Centro de Operaciones Valencia"},{"_id":"67e3494794aef1393cd02571","idHeadquarter":"MAR-AG-03","label":"Agencia Maracaibo Centro","name":"Unidad de Servicio Maracaibo"}],"level":"debug","message":"LocationController: Preparando respuesta de éxito: ","timestamp":"2025-07-29 09:58:42"}
{"level":"info","message":"RoleConfigController: Roles encontrados.","timestamp":"2025-07-29 09:58:42"}
{"data":[{"_id":"67f7f5ff4f0b312a2319fc59","idConfigRole":"67f7f643b65f69c726675981","idRole":"04","label":"Administrador","name":"Administrador"},{"_id":"67f7f5ff4f0b312a2319fc58","idConfigRole":"67f7f643b65f69c726675980","idRole":"03","label":"Gestor de Inventario","name":"Gestor de Inventario"},{"_id":"67f7f5ff4f0b312a2319fc57","idConfigRole":"67f7f643b65f69c72667597f","idRole":"02","label":"Supervisor de Inventario","name":"Supervisor de Inventario"},{"_id":"67f7f5ff4f0b312a2319fc56","idConfigRole":"67f7f643b65f69c72667597e","idRole":"01","label":"Empleado de Almacén","name":"Empleado de Almacen"},{"idConfigRole":"68263fc7f016933bfed2ec24"}],"level":"debug","message":"RoleConfigController: Preparando respuesta de éxito: ","timestamp":"2025-07-29 09:58:42"}
{"level":"info","message":"RoleConfigController: Inicio del proceso de obtener los roles a traves de las configuraciones de rol","timestamp":"2025-07-29 09:59:42"}
{"level":"info","message":"RoleConfigController: Llamando al servicio RoleConfigService.findRolesByConfigRoles.","timestamp":"2025-07-29 09:59:42"}
{"level":"info","message":"LocationController: Inicio del proceso de obtencion de sedes","timestamp":"2025-07-29 09:59:42"}
{"level":"info","message":"LocationController: Llamando al servicio LocationService.findAllHeadquarters.","timestamp":"2025-07-29 09:59:42"}
{"level":"info","message":"LocationController: Sedes encontradas.","timestamp":"2025-07-29 09:59:42"}
{"data":[{"_id":"67e3494794aef1393cd0256f","idHeadquarter":"CAR-HQ-01","label":"Sede Principal Caracas","name":"Oficina Central Metropolitana"},{"_id":"67e3494794aef1393cd02570","idHeadquarter":"VAL-BR-02","label":"Sucursal Valencia Norte","name":"Centro de Operaciones Valencia"},{"_id":"67e3494794aef1393cd02571","idHeadquarter":"MAR-AG-03","label":"Agencia Maracaibo Centro","name":"Unidad de Servicio Maracaibo"}],"level":"debug","message":"LocationController: Preparando respuesta de éxito: ","timestamp":"2025-07-29 09:59:42"}
{"level":"info","message":"RoleConfigController: Roles encontrados.","timestamp":"2025-07-29 09:59:42"}
{"data":[{"_id":"67f7f5ff4f0b312a2319fc59","idConfigRole":"67f7f643b65f69c726675981","idRole":"04","label":"Administrador","name":"Administrador"},{"_id":"67f7f5ff4f0b312a2319fc58","idConfigRole":"67f7f643b65f69c726675980","idRole":"03","label":"Gestor de Inventario","name":"Gestor de Inventario"},{"_id":"67f7f5ff4f0b312a2319fc57","idConfigRole":"67f7f643b65f69c72667597f","idRole":"02","label":"Supervisor de Inventario","name":"Supervisor de Inventario"},{"_id":"67f7f5ff4f0b312a2319fc56","idConfigRole":"67f7f643b65f69c72667597e","idRole":"01","label":"Empleado de Almacén","name":"Empleado de Almacen"},{"idConfigRole":"68263fc7f016933bfed2ec24"}],"level":"debug","message":"RoleConfigController: Preparando respuesta de éxito: ","timestamp":"2025-07-29 09:59:42"}
{"level":"info","message":"RoleConfigController: Inicio del proceso de obtener los roles a traves de las configuraciones de rol","timestamp":"2025-07-29 09:59:43"}
{"level":"info","message":"RoleConfigController: Llamando al servicio RoleConfigService.findRolesByConfigRoles.","timestamp":"2025-07-29 09:59:43"}
{"level":"info","message":"LocationController: Inicio del proceso de obtencion de sedes","timestamp":"2025-07-29 09:59:43"}
{"level":"info","message":"LocationController: Llamando al servicio LocationService.findAllHeadquarters.","timestamp":"2025-07-29 09:59:43"}
{"level":"info","message":"LocationController: Sedes encontradas.","timestamp":"2025-07-29 09:59:43"}
{"data":[{"_id":"67e3494794aef1393cd0256f","idHeadquarter":"CAR-HQ-01","label":"Sede Principal Caracas","name":"Oficina Central Metropolitana"},{"_id":"67e3494794aef1393cd02570","idHeadquarter":"VAL-BR-02","label":"Sucursal Valencia Norte","name":"Centro de Operaciones Valencia"},{"_id":"67e3494794aef1393cd02571","idHeadquarter":"MAR-AG-03","label":"Agencia Maracaibo Centro","name":"Unidad de Servicio Maracaibo"}],"level":"debug","message":"LocationController: Preparando respuesta de éxito: ","timestamp":"2025-07-29 09:59:43"}
{"level":"info","message":"RoleConfigController: Roles encontrados.","timestamp":"2025-07-29 09:59:43"}
{"data":[{"_id":"67f7f5ff4f0b312a2319fc59","idConfigRole":"67f7f643b65f69c726675981","idRole":"04","label":"Administrador","name":"Administrador"},{"_id":"67f7f5ff4f0b312a2319fc58","idConfigRole":"67f7f643b65f69c726675980","idRole":"03","label":"Gestor de Inventario","name":"Gestor de Inventario"},{"_id":"67f7f5ff4f0b312a2319fc57","idConfigRole":"67f7f643b65f69c72667597f","idRole":"02","label":"Supervisor de Inventario","name":"Supervisor de Inventario"},{"_id":"67f7f5ff4f0b312a2319fc56","idConfigRole":"67f7f643b65f69c72667597e","idRole":"01","label":"Empleado de Almacén","name":"Empleado de Almacen"},{"idConfigRole":"68263fc7f016933bfed2ec24"}],"level":"debug","message":"RoleConfigController: Preparando respuesta de éxito: ","timestamp":"2025-07-29 09:59:43"}
{"level":"info","message":"RoleConfigController: Inicio del proceso de obtener los roles a traves de las configuraciones de rol","timestamp":"2025-07-29 10:02:31"}
{"level":"info","message":"RoleConfigController: Llamando al servicio RoleConfigService.findRolesByConfigRoles.","timestamp":"2025-07-29 10:02:31"}
{"level":"info","message":"LocationController: Inicio del proceso de obtencion de sedes","timestamp":"2025-07-29 10:02:31"}
{"level":"info","message":"LocationController: Llamando al servicio LocationService.findAllHeadquarters.","timestamp":"2025-07-29 10:02:31"}
{"level":"info","message":"LocationController: Sedes encontradas.","timestamp":"2025-07-29 10:02:31"}
{"data":[{"_id":"67e3494794aef1393cd0256f","idHeadquarter":"CAR-HQ-01","label":"Sede Principal Caracas","name":"Oficina Central Metropolitana"},{"_id":"67e3494794aef1393cd02570","idHeadquarter":"VAL-BR-02","label":"Sucursal Valencia Norte","name":"Centro de Operaciones Valencia"},{"_id":"67e3494794aef1393cd02571","idHeadquarter":"MAR-AG-03","label":"Agencia Maracaibo Centro","name":"Unidad de Servicio Maracaibo"}],"level":"debug","message":"LocationController: Preparando respuesta de éxito: ","timestamp":"2025-07-29 10:02:31"}
{"level":"info","message":"RoleConfigController: Roles encontrados.","timestamp":"2025-07-29 10:02:31"}
{"data":[{"_id":"67f7f5ff4f0b312a2319fc59","idConfigRole":"67f7f643b65f69c726675981","idRole":"04","label":"Administrador","name":"Administrador"},{"_id":"67f7f5ff4f0b312a2319fc58","idConfigRole":"67f7f643b65f69c726675980","idRole":"03","label":"Gestor de Inventario","name":"Gestor de Inventario"},{"_id":"67f7f5ff4f0b312a2319fc57","idConfigRole":"67f7f643b65f69c72667597f","idRole":"02","label":"Supervisor de Inventario","name":"Supervisor de Inventario"},{"_id":"67f7f5ff4f0b312a2319fc56","idConfigRole":"67f7f643b65f69c72667597e","idRole":"01","label":"Empleado de Almacén","name":"Empleado de Almacen"},{"idConfigRole":"68263fc7f016933bfed2ec24"}],"level":"debug","message":"RoleConfigController: Preparando respuesta de éxito: ","timestamp":"2025-07-29 10:02:31"}
{"level":"info","message":"✅ Todas las dependencias han sido configuradas exitosamente.","timestamp":"2025-07-29 10:04:16"}
{"level":"info","message":"Verificando la resolución de dependencias clave...","timestamp":"2025-07-29 10:04:16"}
{"level":"info","message":"🚀 Verificación de dependencias exitosa. El contenedor está listo.","timestamp":"2025-07-29 10:04:16"}
{"level":"info","message":"RoleConfigController: Inicio del proceso de obtener los roles a traves de las configuraciones de rol","timestamp":"2025-07-29 10:04:22"}
{"level":"info","message":"RoleConfigController: Llamando al servicio RoleConfigService.findRolesByConfigRoles.","timestamp":"2025-07-29 10:04:22"}
{"level":"info","message":"LocationController: Inicio del proceso de obtencion de sedes","timestamp":"2025-07-29 10:04:22"}
{"level":"info","message":"LocationController: Llamando al servicio LocationService.findAllHeadquarters.","timestamp":"2025-07-29 10:04:22"}
{"level":"info","message":"LocationController: Sedes encontradas.","timestamp":"2025-07-29 10:04:22"}
{"data":[{"_id":"67e3494794aef1393cd0256f","idHeadquarter":"CAR-HQ-01","label":"Sede Principal Caracas","name":"Oficina Central Metropolitana"},{"_id":"67e3494794aef1393cd02570","idHeadquarter":"VAL-BR-02","label":"Sucursal Valencia Norte","name":"Centro de Operaciones Valencia"},{"_id":"67e3494794aef1393cd02571","idHeadquarter":"MAR-AG-03","label":"Agencia Maracaibo Centro","name":"Unidad de Servicio Maracaibo"}],"level":"debug","message":"LocationController: Preparando respuesta de éxito: ","timestamp":"2025-07-29 10:04:22"}
{"level":"info","message":"RoleConfigController: Roles encontrados.","timestamp":"2025-07-29 10:04:22"}
{"data":[{"_id":"67f7f5ff4f0b312a2319fc59","idConfigRole":"67f7f643b65f69c726675981","idRole":"04","label":"Administrador","name":"Administrador"},{"_id":"67f7f5ff4f0b312a2319fc58","idConfigRole":"67f7f643b65f69c726675980","idRole":"03","label":"Gestor de Inventario","name":"Gestor de Inventario"},{"_id":"67f7f5ff4f0b312a2319fc57","idConfigRole":"67f7f643b65f69c72667597f","idRole":"02","label":"Supervisor de Inventario","name":"Supervisor de Inventario"},{"_id":"67f7f5ff4f0b312a2319fc56","idConfigRole":"67f7f643b65f69c72667597e","idRole":"01","label":"Empleado de Almacén","name":"Empleado de Almacen"}],"level":"debug","message":"RoleConfigController: Preparando respuesta de éxito: ","timestamp":"2025-07-29 10:04:22"}
{"level":"info","message":"RoleConfigController: Inicio del proceso de obtener los roles a traves de las configuraciones de rol","timestamp":"2025-07-29 10:15:15"}
{"level":"info","message":"RoleConfigController: Llamando al servicio RoleConfigService.findRolesByConfigRoles.","timestamp":"2025-07-29 10:15:15"}
{"level":"info","message":"LocationController: Inicio del proceso de obtencion de sedes","timestamp":"2025-07-29 10:15:15"}
{"level":"info","message":"LocationController: Llamando al servicio LocationService.findAllHeadquarters.","timestamp":"2025-07-29 10:15:15"}
{"level":"info","message":"LocationController: Sedes encontradas.","timestamp":"2025-07-29 10:15:15"}
{"data":[{"_id":"67e3494794aef1393cd0256f","idHeadquarter":"CAR-HQ-01","label":"Sede Principal Caracas","name":"Oficina Central Metropolitana"},{"_id":"67e3494794aef1393cd02570","idHeadquarter":"VAL-BR-02","label":"Sucursal Valencia Norte","name":"Centro de Operaciones Valencia"},{"_id":"67e3494794aef1393cd02571","idHeadquarter":"MAR-AG-03","label":"Agencia Maracaibo Centro","name":"Unidad de Servicio Maracaibo"}],"level":"debug","message":"LocationController: Preparando respuesta de éxito: ","timestamp":"2025-07-29 10:15:15"}
{"level":"info","message":"RoleConfigController: Roles encontrados.","timestamp":"2025-07-29 10:15:15"}
{"data":[{"_id":"67f7f5ff4f0b312a2319fc59","idConfigRole":"67f7f643b65f69c726675981","idRole":"04","label":"Administrador","name":"Administrador"},{"_id":"67f7f5ff4f0b312a2319fc58","idConfigRole":"67f7f643b65f69c726675980","idRole":"03","label":"Gestor de Inventario","name":"Gestor de Inventario"},{"_id":"67f7f5ff4f0b312a2319fc57","idConfigRole":"67f7f643b65f69c72667597f","idRole":"02","label":"Supervisor de Inventario","name":"Supervisor de Inventario"},{"_id":"67f7f5ff4f0b312a2319fc56","idConfigRole":"67f7f643b65f69c72667597e","idRole":"01","label":"Empleado de Almacén","name":"Empleado de Almacen"}],"level":"debug","message":"RoleConfigController: Preparando respuesta de éxito: ","timestamp":"2025-07-29 10:15:15"}
{"level":"info","message":"RoleConfigController: Inicio del proceso de obtener los roles a traves de las configuraciones de rol","timestamp":"2025-07-29 10:17:43"}
{"level":"info","message":"RoleConfigController: Llamando al servicio RoleConfigService.findRolesByConfigRoles.","timestamp":"2025-07-29 10:17:43"}
{"level":"info","message":"LocationController: Inicio del proceso de obtencion de sedes","timestamp":"2025-07-29 10:17:43"}
{"level":"info","message":"LocationController: Llamando al servicio LocationService.findAllHeadquarters.","timestamp":"2025-07-29 10:17:43"}
{"level":"info","message":"LocationController: Sedes encontradas.","timestamp":"2025-07-29 10:17:43"}
{"data":[{"_id":"67e3494794aef1393cd0256f","idHeadquarter":"CAR-HQ-01","label":"Sede Principal Caracas","name":"Oficina Central Metropolitana"},{"_id":"67e3494794aef1393cd02570","idHeadquarter":"VAL-BR-02","label":"Sucursal Valencia Norte","name":"Centro de Operaciones Valencia"},{"_id":"67e3494794aef1393cd02571","idHeadquarter":"MAR-AG-03","label":"Agencia Maracaibo Centro","name":"Unidad de Servicio Maracaibo"}],"level":"debug","message":"LocationController: Preparando respuesta de éxito: ","timestamp":"2025-07-29 10:17:43"}
{"level":"info","message":"RoleConfigController: Roles encontrados.","timestamp":"2025-07-29 10:17:43"}
{"data":[{"_id":"67f7f5ff4f0b312a2319fc59","idConfigRole":"67f7f643b65f69c726675981","idRole":"04","label":"Administrador","name":"Administrador"},{"_id":"67f7f5ff4f0b312a2319fc58","idConfigRole":"67f7f643b65f69c726675980","idRole":"03","label":"Gestor de Inventario","name":"Gestor de Inventario"},{"_id":"67f7f5ff4f0b312a2319fc57","idConfigRole":"67f7f643b65f69c72667597f","idRole":"02","label":"Supervisor de Inventario","name":"Supervisor de Inventario"},{"_id":"67f7f5ff4f0b312a2319fc56","idConfigRole":"67f7f643b65f69c72667597e","idRole":"01","label":"Empleado de Almacén","name":"Empleado de Almacen"}],"level":"debug","message":"RoleConfigController: Preparando respuesta de éxito: ","timestamp":"2025-07-29 10:17:43"}
{"level":"info","message":"✅ Todas las dependencias han sido configuradas exitosamente.","timestamp":"2025-07-29 10:19:34"}
{"level":"info","message":"Verificando la resolución de dependencias clave...","timestamp":"2025-07-29 10:19:34"}
{"level":"info","message":"🚀 Verificación de dependencias exitosa. El contenedor está listo.","timestamp":"2025-07-29 10:19:34"}
{"level":"info","message":"LocationController: Inicio del proceso de obtencion de departamentos por sede","timestamp":"2025-07-29 10:19:45"}
{"idHeadquarter":{"idHeadquarter":"67e3494794aef1393cd02570"},"level":"debug","message":"LocationController: Datos enviados por el usuario","timestamp":"2025-07-29 10:19:45"}
{"level":"info","message":"LocationController: Llamando al servicio LocationService.findDepartmentsByHeadquarter.","timestamp":"2025-07-29 10:19:45"}
{"level":"info","message":"LocationController: Departamentos encontrados.","timestamp":"2025-07-29 10:19:45"}
{"data":[{"_id":"67eead413bf36442a108d308","idDepartment":"VNT02","label":"Ventas","name":"Ventas"},{"_id":"67eead413bf36442a108d309","idDepartment":"ALM02","label":"Almacén","name":"Almacén"},{"_id":"67eead413bf36442a108d306","idDepartment":"ADM02","label":"Administración","name":"Administración"},{"_id":"67eead413bf36442a108d307","idDepartment":"CMP02","label":"Compras","name":"Compras"}],"level":"debug","message":"LocationController: Preparando respuesta de éxito: ","timestamp":"2025-07-29 10:19:45"}
{"level":"info","message":"--- MIDDLEWARE: Ejecutando validateCreateUserData ---","timestamp":"2025-07-29 10:20:03"}
{"body":{"codeCountry":"+58","department":"67eead413bf36442a108d306","email":"carlos.rodriguez@empresa.com","hasTwoFactor":false,"idUser":"USER7777","lastName":"Rodriguez","name":"Carlos","password":"Hola9834%342","phoneNumber":"04246545454","roleConfig":"67f7f643b65f69c72667597e","status":"activo","username":"careyes.19"},"level":"debug","message":"Request Body Recibido:","timestamp":"2025-07-29 10:20:03"}
{"level":"info","message":"Validación de Zod para la creacion de usuario SUPERADA. Pasando al controlador.","timestamp":"2025-07-29 10:20:03"}
{"level":"info","message":"UserController: Inicio del proceso de creacion de usuario","timestamp":"2025-07-29 10:20:03"}
{"codeCountry":"+58","department":"67eead413bf36442a108d306","email":"carlos.rodriguez@empresa.com","hasTwoFactor":false,"idUser":"USER7777","lastName":"Rodriguez","level":"info","message":"UserController: Datos enviados por el usuario","name":"Carlos","password":"Hola9834%342","phoneNumber":"04246545454","roleConfig":"67f7f643b65f69c72667597e","status":"activo","timestamp":"2025-07-29 10:20:03","username":"careyes.19"}
{"buffer":{"data":[103,247,246,67,182,95,105,199,38,103,89,126],"type":"Buffer"},"level":"info","message":"UserController: Datos enviados por el usuario","timestamp":"2025-07-29 10:20:03"}
{"level":"info","message":"UserController: Llamando al servicio UserService.createUser.","timestamp":"2025-07-29 10:20:03"}
{"error":{"code":500,"name":"UnexpectedError"},"level":"error","message":"UserController: Error la creacion del usuario","timestamp":"2025-07-29 10:20:03"}
{"level":"info","message":"✅ Todas las dependencias han sido configuradas exitosamente.","timestamp":"2025-07-29 10:27:49"}
{"level":"info","message":"Verificando la resolución de dependencias clave...","timestamp":"2025-07-29 10:27:49"}
{"level":"info","message":"🚀 Verificación de dependencias exitosa. El contenedor está listo.","timestamp":"2025-07-29 10:27:49"}
{"level":"info","message":"--- MIDDLEWARE: Ejecutando validateCreateUserData ---","timestamp":"2025-07-29 10:28:09"}
{"body":{"codeCountry":"+58","department":"67eead413bf36442a108d306","email":"carlos.rodriguez@empresa.com","hasTwoFactor":false,"idUser":"USER7777","lastName":"Rodriguez","name":"Carlos","password":"Hola9834%342","phoneNumber":"04246545454","roleConfig":"67f7f643b65f69c72667597e","status":"activo","username":"careyes.19"},"level":"debug","message":"Request Body Recibido:","timestamp":"2025-07-29 10:28:09"}
{"level":"info","message":"Validación de Zod para la creacion de usuario SUPERADA. Pasando al controlador.","timestamp":"2025-07-29 10:28:09"}
{"level":"info","message":"UserController: Inicio del proceso de creacion de usuario","timestamp":"2025-07-29 10:28:09"}
{"codeCountry":"+58","department":"67eead413bf36442a108d306","email":"carlos.rodriguez@empresa.com","hasTwoFactor":false,"idUser":"USER7777","lastName":"Rodriguez","level":"info","message":"UserController: Datos enviados por el usuario","name":"Carlos","password":"Hola9834%342","phoneNumber":"04246545454","roleConfig":"67f7f643b65f69c72667597e","status":"activo","timestamp":"2025-07-29 10:28:09","username":"careyes.19"}
{"buffer":{"data":[103,247,246,67,182,95,105,199,38,103,89,126],"type":"Buffer"},"level":"info","message":"UserController: Datos enviados por el usuario","timestamp":"2025-07-29 10:28:09"}
{"level":"info","message":"UserController: Llamando al servicio UserService.createUser.","timestamp":"2025-07-29 10:28:09"}
{"level":"info","message":"UserController: Usuario creado de forma exitosa.","timestamp":"2025-07-29 10:28:10"}
{"data":{"__v":0,"_id":"6888da7a79df8b4860349175","codeCountry":"+58","department":"67eead413bf36442a108d306","email":"carlos.rodriguez@empresa.com","hasTwoFactor":false,"idUser":"USER7777","lastName":"Rodriguez","name":"Carlos","password":"Hola9834%342","passwordHistory":[],"phoneNumber":"04246545454","roleConfig":"67f7f643b65f69c72667597e","status":"activo","username":"careyes.19"},"level":"debug","message":"UserController: Preparando respuesta de éxito: ","timestamp":"2025-07-29 10:28:10"}
{"level":"info","message":"--- MIDDLEWARE: Ejecutando validateCreateUserData ---","timestamp":"2025-07-29 10:29:23"}
{"body":{"codeCountry":"+58","department":"67eead413bf36442a108d306","email":"carlos.rodriguez@empresa.com","hasTwoFactor":false,"idUser":"USER7777","lastName":"Rodriguez","name":"Carlos","password":"Hola9834%342","phoneNumber":"04246545454","roleConfig":"67f7f643b65f69c72667597e","status":"activo","username":"careyes.19"},"level":"debug","message":"Request Body Recibido:","timestamp":"2025-07-29 10:29:23"}
{"level":"info","message":"Validación de Zod para la creacion de usuario SUPERADA. Pasando al controlador.","timestamp":"2025-07-29 10:29:23"}
{"level":"info","message":"UserController: Inicio del proceso de creacion de usuario","timestamp":"2025-07-29 10:29:23"}
{"codeCountry":"+58","department":"67eead413bf36442a108d306","email":"carlos.rodriguez@empresa.com","hasTwoFactor":false,"idUser":"USER7777","lastName":"Rodriguez","level":"info","message":"UserController: Datos enviados por el usuario","name":"Carlos","password":"Hola9834%342","phoneNumber":"04246545454","roleConfig":"67f7f643b65f69c72667597e","status":"activo","timestamp":"2025-07-29 10:29:23","username":"careyes.19"}
{"buffer":{"data":[103,247,246,67,182,95,105,199,38,103,89,126],"type":"Buffer"},"level":"info","message":"UserController: Datos enviados por el usuario","timestamp":"2025-07-29 10:29:23"}
{"level":"info","message":"UserController: Llamando al servicio UserService.createUser.","timestamp":"2025-07-29 10:29:23"}
{"error":{"code":1805,"name":"UserAlreadyExistsError"},"level":"error","message":"UserController: Error la creacion del usuario","timestamp":"2025-07-29 10:29:23"}
{"level":"info","message":"--- MIDDLEWARE: Ejecutando validateCreateUserData ---","timestamp":"2025-07-29 10:29:48"}
{"body":{"codeCountry":"+58","department":"67eead413bf36442a108d306","email":"carlos.rodriguez@empresa.com","hasTwoFactor":false,"idUser":"USER7776","lastName":"Rodriguez","name":"Carlos","password":"Hola9834%342","phoneNumber":"04246545454","roleConfig":"67f7f643b65f69c72667597e","status":"activo","username":"careyes.19"},"level":"debug","message":"Request Body Recibido:","timestamp":"2025-07-29 10:29:48"}
{"level":"info","message":"Validación de Zod para la creacion de usuario SUPERADA. Pasando al controlador.","timestamp":"2025-07-29 10:29:48"}
{"level":"info","message":"UserController: Inicio del proceso de creacion de usuario","timestamp":"2025-07-29 10:29:48"}
{"codeCountry":"+58","department":"67eead413bf36442a108d306","email":"carlos.rodriguez@empresa.com","hasTwoFactor":false,"idUser":"USER7776","lastName":"Rodriguez","level":"info","message":"UserController: Datos enviados por el usuario","name":"Carlos","password":"Hola9834%342","phoneNumber":"04246545454","roleConfig":"67f7f643b65f69c72667597e","status":"activo","timestamp":"2025-07-29 10:29:48","username":"careyes.19"}
{"buffer":{"data":[103,247,246,67,182,95,105,199,38,103,89,126],"type":"Buffer"},"level":"info","message":"UserController: Datos enviados por el usuario","timestamp":"2025-07-29 10:29:48"}
{"level":"info","message":"UserController: Llamando al servicio UserService.createUser.","timestamp":"2025-07-29 10:29:48"}
{"error":{"code":1806,"name":"UserUniqueKeysError"},"level":"error","message":"UserController: Error la creacion del usuario","timestamp":"2025-07-29 10:29:49"}
{"level":"info","message":"MenuController: Inicio del proceso de obtencion del menu del usuario","timestamp":"2025-07-29 10:47:22"}
{"level":"info","message":"MenuController: Llamando al servicio UserService.getMenuUser.","timestamp":"2025-07-29 10:47:22"}
{"level":"info","message":"MenuController: Sedes encontradas.","timestamp":"2025-07-29 10:47:23"}
{"data":[{"id":"products","routes":[{"active":true,"icon":"products-icon","id":"products","name":"Productos","path":"/dashBoard/productos","subroutes":[{"active":true,"id":"products-registry","mainRoute":"products","name":"Registrar producto","path":"/dashboard/productos/registrar-producto"},{"active":true,"id":"products-list","mainRoute":"products","name":"Listado de productos","path":"/dashboard/productos/lista-productos"},{"active":true,"id":"products-search","mainRoute":"products","name":"Buscar producto","path":"/dashboard/productos/buscar-producto"}]}],"title":"Productos"}],"level":"debug","message":"MenuController: Preparando respuesta de éxito: ","timestamp":"2025-07-29 10:47:23"}
{"level":"info","message":"MenuController: Inicio del proceso de obtencion del menu del usuario","timestamp":"2025-07-29 10:49:24"}
{"level":"info","message":"MenuController: Llamando al servicio UserService.getMenuUser.","timestamp":"2025-07-29 10:49:24"}
{"level":"info","message":"MenuController: Sedes encontradas.","timestamp":"2025-07-29 10:49:25"}
{"data":[{"id":"products","routes":[{"active":true,"icon":"products-icon","id":"products","name":"Productos","path":"/dashBoard/productos","subroutes":[{"active":true,"id":"products-registry","mainRoute":"products","name":"Registrar producto","path":"/dashboard/productos/registrar-producto"},{"active":true,"id":"products-list","mainRoute":"products","name":"Listado de productos","path":"/dashboard/productos/lista-productos"},{"active":true,"id":"products-search","mainRoute":"products","name":"Buscar producto","path":"/dashboard/productos/buscar-producto"}]}],"title":"Productos"}],"level":"debug","message":"MenuController: Preparando respuesta de éxito: ","timestamp":"2025-07-29 10:49:25"}
{"level":"info","message":"MenuController: Inicio del proceso de obtencion del menu del usuario","timestamp":"2025-07-29 10:50:12"}
{"level":"info","message":"MenuController: Llamando al servicio UserService.getMenuUser.","timestamp":"2025-07-29 10:50:12"}
{"level":"info","message":"MenuController: Sedes encontradas.","timestamp":"2025-07-29 10:50:12"}
{"data":[{"id":"general-reports","routes":[{"active":true,"icon":"reports-icon","id":"general-reports","name":"Reportes","path":"/dashBoard/reportes","subroutes":[{"active":true,"id":"report-general","mainRoute":"general-reports","name":"Estado general","path":"/dashboard/reportes/reporte-general"},{"active":true,"id":"report-low-stock","mainRoute":"general-reports","name":"Bajo stock","path":"/dashboard/reportes/reporte-bajo-stock"},{"active":true,"id":"report-total-stock","mainRoute":"general-reports","name":"Valor total inventario","path":"/dashboard/reportes/reporte-total-stock"}]}],"title":"Reportes"},{"id":"products","routes":[{"active":true,"icon":"products-icon","id":"products","name":"Productos","path":"/dashBoard/productos","subroutes":[{"active":true,"id":"products-registry","mainRoute":"products","name":"Registrar producto","path":"/dashboard/productos/registrar-producto"},{"active":true,"id":"products-list","mainRoute":"products","name":"Listado de productos","path":"/dashboard/productos/lista-productos"},{"active":true,"id":"products-modify","mainRoute":"products","name":"Modificar producto","path":"/dashboard/productos/modificar-producto"},{"active":true,"id":"products-search","mainRoute":"products","name":"Buscar producto","path":"/dashboard/productos/buscar-producto"}]}],"title":"Productos"},{"id":"users","routes":[{"active":true,"icon":"users-icon","id":"users","name":"Usuarios","path":"/dashBoard/usuarios","subroutes":[{"active":true,"id":"users-update","mainRoute":"users","name":"Modificar usuario","path":"/dashboard/usuarios/modificar-usuario"},{"active":true,"id":"users-list","mainRoute":"users","name":"Listar usuarios","path":"/dashboard/usuarios/listar-usuarios"},{"active":true,"id":"users-create","mainRoute":"users","name":"Crear usuario","path":"/dashboard/usuarios/crear-usuario"}]}],"title":"Administración"},{"id":"inventory-management","routes":[{"active":true,"icon":"inventory-icon","id":"inventory-management","name":"Gestión de Stock","path":"/dashBoard/inventario","subroutes":[{"active":true,"id":"inventory-adjust","mainRoute":"inventory-management","name":"Ajustar producto","path":"/dashboard/inventario/ajustar-producto"},{"active":true,"id":"inventory-sales","mainRoute":"inventory-management","name":"Registrar venta","path":"/dashboard/inventario/registrar-venta"},{"active":true,"id":"inventory-add","mainRoute":"inventory-management","name":"Agregar inventario","path":"/dashboard/inventario/agregar-inventario"}]}],"title":"Inventario"}],"level":"debug","message":"MenuController: Preparando respuesta de éxito: ","timestamp":"2025-07-29 10:50:12"}
{"level":"info","message":"✅ Todas las dependencias han sido configuradas exitosamente.","timestamp":"2025-07-29 11:44:15"}
{"level":"info","message":"Verificando la resolución de dependencias clave...","timestamp":"2025-07-29 11:44:15"}
{"level":"info","message":"🚀 Verificación de dependencias exitosa. El contenedor está listo.","timestamp":"2025-07-29 11:44:15"}
{"level":"info","message":"MenuController: Inicio del proceso de obtencion del menu del usuario","timestamp":"2025-07-29 12:01:05"}
{"level":"info","message":"MenuController: Llamando al servicio UserService.getMenuUser.","timestamp":"2025-07-29 12:01:05"}
{"level":"info","message":"MenuController: Sedes encontradas.","timestamp":"2025-07-29 12:01:06"}
{"data":[{"id":"general-reports","routes":[{"active":true,"icon":"reports-icon","id":"general-reports","name":"Reportes","path":"/dashBoard/reportes","subroutes":[{"active":true,"id":"report-general","mainRoute":"general-reports","name":"Estado general","path":"/dashboard/reportes/reporte-general"},{"active":true,"id":"report-low-stock","mainRoute":"general-reports","name":"Bajo stock","path":"/dashboard/reportes/reporte-bajo-stock"},{"active":true,"id":"report-total-stock","mainRoute":"general-reports","name":"Valor total inventario","path":"/dashboard/reportes/reporte-total-stock"}]}],"title":"Reportes"},{"id":"products","routes":[{"active":true,"icon":"products-icon","id":"products","name":"Productos","path":"/dashBoard/productos","subroutes":[{"active":true,"id":"products-registry","mainRoute":"products","name":"Registrar producto","path":"/dashboard/productos/registrar-producto"},{"active":true,"id":"products-list","mainRoute":"products","name":"Listado de productos","path":"/dashboard/productos/lista-productos"},{"active":true,"id":"products-modify","mainRoute":"products","name":"Modificar producto","path":"/dashboard/productos/modificar-producto"},{"active":true,"id":"products-search","mainRoute":"products","name":"Buscar producto","path":"/dashboard/productos/buscar-producto"}]}],"title":"Productos"},{"id":"users","routes":[{"active":true,"icon":"users-icon","id":"users","name":"Usuarios","path":"/dashBoard/usuarios","subroutes":[{"active":true,"id":"users-update","mainRoute":"users","name":"Modificar usuario","path":"/dashboard/usuarios/modificar-usuario"},{"active":true,"id":"users-list","mainRoute":"users","name":"Listar usuarios","path":"/dashboard/usuarios/listar-usuarios"},{"active":true,"id":"users-create","mainRoute":"users","name":"Crear usuario","path":"/dashboard/usuarios/crear-usuario"}]}],"title":"Administración"},{"id":"inventory-management","routes":[{"active":true,"icon":"inventory-icon","id":"inventory-management","name":"Gestión de Stock","path":"/dashBoard/inventario","subroutes":[{"active":true,"id":"inventory-adjust","mainRoute":"inventory-management","name":"Ajustar producto","path":"/dashboard/inventario/ajustar-producto"},{"active":true,"id":"inventory-sales","mainRoute":"inventory-management","name":"Registrar venta","path":"/dashboard/inventario/registrar-venta"},{"active":true,"id":"inventory-add","mainRoute":"inventory-management","name":"Agregar inventario","path":"/dashboard/inventario/agregar-inventario"}]}],"title":"Inventario"}],"level":"debug","message":"MenuController: Preparando respuesta de éxito: ","timestamp":"2025-07-29 12:01:06"}
{"level":"info","message":"MenuController: Inicio del proceso de obtencion del menu del usuario","timestamp":"2025-07-29 12:09:45"}
{"level":"info","message":"MenuController: Llamando al servicio UserService.getMenuUser.","timestamp":"2025-07-29 12:09:45"}
{"level":"info","message":"MenuController: Sedes encontradas.","timestamp":"2025-07-29 12:09:46"}
{"data":[{"id":"general-reports","routes":[{"active":true,"icon":"reports-icon","id":"general-reports","name":"Reportes","path":"/dashBoard/reportes","subroutes":[{"active":true,"id":"report-general","mainRoute":"general-reports","name":"Estado general","path":"/dashboard/reportes/reporte-general"},{"active":true,"id":"report-low-stock","mainRoute":"general-reports","name":"Bajo stock","path":"/dashboard/reportes/reporte-bajo-stock"},{"active":true,"id":"report-total-stock","mainRoute":"general-reports","name":"Valor total inventario","path":"/dashboard/reportes/reporte-total-stock"}]}],"title":"Reportes"},{"id":"products","routes":[{"active":true,"icon":"products-icon","id":"products","name":"Productos","path":"/dashBoard/productos","subroutes":[{"active":true,"id":"products-registry","mainRoute":"products","name":"Registrar producto","path":"/dashboard/productos/registrar-producto"},{"active":true,"id":"products-list","mainRoute":"products","name":"Listado de productos","path":"/dashboard/productos/lista-productos"},{"active":true,"id":"products-modify","mainRoute":"products","name":"Modificar producto","path":"/dashboard/productos/modificar-producto"},{"active":true,"id":"products-search","mainRoute":"products","name":"Buscar producto","path":"/dashboard/productos/buscar-producto"}]}],"title":"Productos"},{"id":"users","routes":[{"active":true,"icon":"users-icon","id":"users","name":"Usuarios","path":"/dashBoard/usuarios","subroutes":[{"active":true,"id":"users-update","mainRoute":"users","name":"Modificar usuario","path":"/dashboard/usuarios/modificar-usuario"},{"active":true,"id":"users-list","mainRoute":"users","name":"Listar usuarios","path":"/dashboard/usuarios/listar-usuarios"},{"active":true,"id":"users-create","mainRoute":"users","name":"Crear usuario","path":"/dashboard/usuarios/crear-usuario"}]}],"title":"Administración"},{"id":"inventory-management","routes":[{"active":true,"icon":"inventory-icon","id":"inventory-management","name":"Gestión de Stock","path":"/dashBoard/inventario","subroutes":[{"active":true,"id":"inventory-adjust","mainRoute":"inventory-management","name":"Ajustar producto","path":"/dashboard/inventario/ajustar-producto"},{"active":true,"id":"inventory-sales","mainRoute":"inventory-management","name":"Registrar venta","path":"/dashboard/inventario/registrar-venta"},{"active":true,"id":"inventory-add","mainRoute":"inventory-management","name":"Agregar inventario","path":"/dashboard/inventario/agregar-inventario"}]}],"title":"Inventario"}],"level":"debug","message":"MenuController: Preparando respuesta de éxito: ","timestamp":"2025-07-29 12:09:46"}
{"level":"info","message":"MenuController: Inicio del proceso de obtencion del menu del usuario","timestamp":"2025-07-29 12:17:58"}
{"level":"info","message":"MenuController: Llamando al servicio UserService.getMenuUser.","timestamp":"2025-07-29 12:17:58"}
{"level":"info","message":"MenuController: Sedes encontradas.","timestamp":"2025-07-29 12:17:58"}
{"data":[{"id":"general-reports","routes":[{"active":true,"icon":"reports-icon","id":"general-reports","name":"Reportes","path":"/dashBoard/reportes","subroutes":[{"active":true,"id":"report-general","mainRoute":"general-reports","name":"Estado general","path":"/dashboard/reportes/reporte-general"},{"active":true,"id":"report-low-stock","mainRoute":"general-reports","name":"Bajo stock","path":"/dashboard/reportes/reporte-bajo-stock"},{"active":true,"id":"report-total-stock","mainRoute":"general-reports","name":"Valor total inventario","path":"/dashboard/reportes/reporte-total-stock"}]}],"title":"Reportes"},{"id":"products","routes":[{"active":true,"icon":"products-icon","id":"products","name":"Productos","path":"/dashBoard/productos","subroutes":[{"active":true,"id":"products-registry","mainRoute":"products","name":"Registrar producto","path":"/dashboard/productos/registrar-producto"},{"active":true,"id":"products-list","mainRoute":"products","name":"Listado de productos","path":"/dashboard/productos/lista-productos"},{"active":true,"id":"products-modify","mainRoute":"products","name":"Modificar producto","path":"/dashboard/productos/modificar-producto"},{"active":true,"id":"products-search","mainRoute":"products","name":"Buscar producto","path":"/dashboard/productos/buscar-producto"}]}],"title":"Productos"},{"id":"users","routes":[{"active":true,"icon":"users-icon","id":"users","name":"Usuarios","path":"/dashBoard/usuarios","subroutes":[{"active":true,"id":"users-update","mainRoute":"users","name":"Modificar usuario","path":"/dashboard/usuarios/modificar-usuario"},{"active":true,"id":"users-list","mainRoute":"users","name":"Listar usuarios","path":"/dashboard/usuarios/listar-usuarios"},{"active":true,"id":"users-create","mainRoute":"users","name":"Crear usuario","path":"/dashboard/usuarios/crear-usuario"}]}],"title":"Administración"},{"id":"inventory-management","routes":[{"active":true,"icon":"inventory-icon","id":"inventory-management","name":"Gestión de Stock","path":"/dashBoard/inventario","subroutes":[{"active":true,"id":"inventory-adjust","mainRoute":"inventory-management","name":"Ajustar producto","path":"/dashboard/inventario/ajustar-producto"},{"active":true,"id":"inventory-sales","mainRoute":"inventory-management","name":"Registrar venta","path":"/dashboard/inventario/registrar-venta"},{"active":true,"id":"inventory-add","mainRoute":"inventory-management","name":"Agregar inventario","path":"/dashboard/inventario/agregar-inventario"}]}],"title":"Inventario"}],"level":"debug","message":"MenuController: Preparando respuesta de éxito: ","timestamp":"2025-07-29 12:17:58"}
{"level":"info","message":"MenuController: Inicio del proceso de obtencion del menu del usuario","timestamp":"2025-07-29 12:29:07"}
{"level":"info","message":"MenuController: Llamando al servicio UserService.getMenuUser.","timestamp":"2025-07-29 12:29:07"}
{"level":"info","message":"MenuController: Sedes encontradas.","timestamp":"2025-07-29 12:29:08"}
{"data":[{"id":"general-reports","routes":[{"active":true,"icon":"reports-icon","id":"general-reports","name":"Reportes","path":"/dashBoard/reportes","subroutes":[{"active":true,"id":"report-general","mainRoute":"general-reports","name":"Estado general","path":"/dashboard/reportes/reporte-general"},{"active":true,"id":"report-low-stock","mainRoute":"general-reports","name":"Bajo stock","path":"/dashboard/reportes/reporte-bajo-stock"},{"active":true,"id":"report-total-stock","mainRoute":"general-reports","name":"Valor total inventario","path":"/dashboard/reportes/reporte-total-stock"}]}],"title":"Reportes"},{"id":"products","routes":[{"active":true,"icon":"products-icon","id":"products","name":"Productos","path":"/dashBoard/productos","subroutes":[{"active":true,"id":"products-registry","mainRoute":"products","name":"Registrar producto","path":"/dashboard/productos/registrar-producto"},{"active":true,"id":"products-list","mainRoute":"products","name":"Listado de productos","path":"/dashboard/productos/lista-productos"},{"active":true,"id":"products-modify","mainRoute":"products","name":"Modificar producto","path":"/dashboard/productos/modificar-producto"},{"active":true,"id":"products-search","mainRoute":"products","name":"Buscar producto","path":"/dashboard/productos/buscar-producto"}]}],"title":"Productos"},{"id":"users","routes":[{"active":true,"icon":"users-icon","id":"users","name":"Usuarios","path":"/dashBoard/usuarios","subroutes":[{"active":true,"id":"users-update","mainRoute":"users","name":"Modificar usuario","path":"/dashboard/usuarios/modificar-usuario"},{"active":true,"id":"users-list","mainRoute":"users","name":"Listar usuarios","path":"/dashboard/usuarios/listar-usuarios"},{"active":true,"id":"users-create","mainRoute":"users","name":"Crear usuario","path":"/dashboard/usuarios/crear-usuario"}]}],"title":"Administración"},{"id":"inventory-management","routes":[{"active":true,"icon":"inventory-icon","id":"inventory-management","name":"Gestión de Stock","path":"/dashBoard/inventario","subroutes":[{"active":true,"id":"inventory-adjust","mainRoute":"inventory-management","name":"Ajustar producto","path":"/dashboard/inventario/ajustar-producto"},{"active":true,"id":"inventory-sales","mainRoute":"inventory-management","name":"Registrar venta","path":"/dashboard/inventario/registrar-venta"},{"active":true,"id":"inventory-add","mainRoute":"inventory-management","name":"Agregar inventario","path":"/dashboard/inventario/agregar-inventario"}]}],"title":"Inventario"}],"level":"debug","message":"MenuController: Preparando respuesta de éxito: ","timestamp":"2025-07-29 12:29:08"}
{"level":"info","message":"MenuController: Inicio del proceso de obtencion del menu del usuario","timestamp":"2025-07-29 12:30:01"}
{"level":"info","message":"MenuController: Llamando al servicio UserService.getMenuUser.","timestamp":"2025-07-29 12:30:01"}
{"level":"info","message":"MenuController: Sedes encontradas.","timestamp":"2025-07-29 12:30:01"}
{"data":[{"id":"general-reports","routes":[{"active":true,"icon":"reports-icon","id":"general-reports","name":"Reportes","path":"/dashBoard/reportes","subroutes":[{"active":true,"id":"report-general","mainRoute":"general-reports","name":"Estado general","path":"/dashboard/reportes/reporte-general"},{"active":true,"id":"report-low-stock","mainRoute":"general-reports","name":"Bajo stock","path":"/dashboard/reportes/reporte-bajo-stock"},{"active":true,"id":"report-total-stock","mainRoute":"general-reports","name":"Valor total inventario","path":"/dashboard/reportes/reporte-total-stock"}]}],"title":"Reportes"},{"id":"products","routes":[{"active":true,"icon":"products-icon","id":"products","name":"Productos","path":"/dashBoard/productos","subroutes":[{"active":true,"id":"products-registry","mainRoute":"products","name":"Registrar producto","path":"/dashboard/productos/registrar-producto"},{"active":true,"id":"products-list","mainRoute":"products","name":"Listado de productos","path":"/dashboard/productos/lista-productos"},{"active":true,"id":"products-modify","mainRoute":"products","name":"Modificar producto","path":"/dashboard/productos/modificar-producto"},{"active":true,"id":"products-search","mainRoute":"products","name":"Buscar producto","path":"/dashboard/productos/buscar-producto"}]}],"title":"Productos"},{"id":"users","routes":[{"active":true,"icon":"users-icon","id":"users","name":"Usuarios","path":"/dashBoard/usuarios","subroutes":[{"active":true,"id":"users-update","mainRoute":"users","name":"Modificar usuario","path":"/dashboard/usuarios/modificar-usuario"},{"active":true,"id":"users-list","mainRoute":"users","name":"Listar usuarios","path":"/dashboard/usuarios/listar-usuarios"},{"active":true,"id":"users-create","mainRoute":"users","name":"Crear usuario","path":"/dashboard/usuarios/crear-usuario"}]}],"title":"Administración"},{"id":"inventory-management","routes":[{"active":true,"icon":"inventory-icon","id":"inventory-management","name":"Gestión de Stock","path":"/dashBoard/inventario","subroutes":[{"active":true,"id":"inventory-adjust","mainRoute":"inventory-management","name":"Ajustar producto","path":"/dashboard/inventario/ajustar-producto"},{"active":true,"id":"inventory-sales","mainRoute":"inventory-management","name":"Registrar venta","path":"/dashboard/inventario/registrar-venta"},{"active":true,"id":"inventory-add","mainRoute":"inventory-management","name":"Agregar inventario","path":"/dashboard/inventario/agregar-inventario"}]}],"title":"Inventario"}],"level":"debug","message":"MenuController: Preparando respuesta de éxito: ","timestamp":"2025-07-29 12:30:01"}
{"level":"info","message":"MenuController: Inicio del proceso de obtencion del menu del usuario","timestamp":"2025-07-29 12:32:47"}
{"level":"info","message":"MenuController: Llamando al servicio UserService.getMenuUser.","timestamp":"2025-07-29 12:32:47"}
{"level":"info","message":"MenuController: Sedes encontradas.","timestamp":"2025-07-29 12:32:47"}
{"data":[{"id":"general-reports","routes":[{"active":true,"icon":"reports-icon","id":"general-reports","name":"Reportes","path":"/dashBoard/reportes","subroutes":[{"active":true,"id":"report-general","mainRoute":"general-reports","name":"Estado general","path":"/dashboard/reportes/reporte-general"},{"active":true,"id":"report-low-stock","mainRoute":"general-reports","name":"Bajo stock","path":"/dashboard/reportes/reporte-bajo-stock"},{"active":true,"id":"report-total-stock","mainRoute":"general-reports","name":"Valor total inventario","path":"/dashboard/reportes/reporte-total-stock"}]}],"title":"Reportes"},{"id":"products","routes":[{"active":true,"icon":"products-icon","id":"products","name":"Productos","path":"/dashBoard/productos","subroutes":[{"active":true,"id":"products-registry","mainRoute":"products","name":"Registrar producto","path":"/dashboard/productos/registrar-producto"},{"active":true,"id":"products-list","mainRoute":"products","name":"Listado de productos","path":"/dashboard/productos/lista-productos"},{"active":true,"id":"products-modify","mainRoute":"products","name":"Modificar producto","path":"/dashboard/productos/modificar-producto"},{"active":true,"id":"products-search","mainRoute":"products","name":"Buscar producto","path":"/dashboard/productos/buscar-producto"}]}],"title":"Productos"},{"id":"users","routes":[{"active":true,"icon":"users-icon","id":"users","name":"Usuarios","path":"/dashBoard/usuarios","subroutes":[{"active":true,"id":"users-update","mainRoute":"users","name":"Modificar usuario","path":"/dashboard/usuarios/modificar-usuario"},{"active":true,"id":"users-list","mainRoute":"users","name":"Listar usuarios","path":"/dashboard/usuarios/listar-usuarios"},{"active":true,"id":"users-create","mainRoute":"users","name":"Crear usuario","path":"/dashboard/usuarios/crear-usuario"}]}],"title":"Administración"},{"id":"inventory-management","routes":[{"active":true,"icon":"inventory-icon","id":"inventory-management","name":"Gestión de Stock","path":"/dashBoard/inventario","subroutes":[{"active":true,"id":"inventory-adjust","mainRoute":"inventory-management","name":"Ajustar producto","path":"/dashboard/inventario/ajustar-producto"},{"active":true,"id":"inventory-sales","mainRoute":"inventory-management","name":"Registrar venta","path":"/dashboard/inventario/registrar-venta"},{"active":true,"id":"inventory-add","mainRoute":"inventory-management","name":"Agregar inventario","path":"/dashboard/inventario/agregar-inventario"}]}],"title":"Inventario"}],"level":"debug","message":"MenuController: Preparando respuesta de éxito: ","timestamp":"2025-07-29 12:32:47"}
{"level":"info","message":"MenuController: Inicio del proceso de obtencion del menu del usuario","timestamp":"2025-07-29 12:34:33"}
{"level":"info","message":"MenuController: Llamando al servicio UserService.getMenuUser.","timestamp":"2025-07-29 12:34:33"}
{"level":"info","message":"MenuController: Sedes encontradas.","timestamp":"2025-07-29 12:34:33"}
{"data":[{"id":"general-reports","routes":[{"active":true,"icon":"reports-icon","id":"general-reports","name":"Reportes","path":"/dashBoard/reportes","subroutes":[{"active":true,"id":"report-general","mainRoute":"general-reports","name":"Estado general","path":"/dashboard/reportes/reporte-general"},{"active":true,"id":"report-low-stock","mainRoute":"general-reports","name":"Bajo stock","path":"/dashboard/reportes/reporte-bajo-stock"},{"active":true,"id":"report-total-stock","mainRoute":"general-reports","name":"Valor total inventario","path":"/dashboard/reportes/reporte-total-stock"}]}],"title":"Reportes"},{"id":"products","routes":[{"active":true,"icon":"products-icon","id":"products","name":"Productos","path":"/dashBoard/productos","subroutes":[{"active":true,"id":"products-registry","mainRoute":"products","name":"Registrar producto","path":"/dashboard/productos/registrar-producto"},{"active":true,"id":"products-list","mainRoute":"products","name":"Listado de productos","path":"/dashboard/productos/lista-productos"},{"active":true,"id":"products-modify","mainRoute":"products","name":"Modificar producto","path":"/dashboard/productos/modificar-producto"},{"active":true,"id":"products-search","mainRoute":"products","name":"Buscar producto","path":"/dashboard/productos/buscar-producto"}]}],"title":"Productos"},{"id":"users","routes":[{"active":true,"icon":"users-icon","id":"users","name":"Usuarios","path":"/dashBoard/usuarios","subroutes":[{"active":true,"id":"users-update","mainRoute":"users","name":"Modificar usuario","path":"/dashboard/usuarios/modificar-usuario"},{"active":true,"id":"users-list","mainRoute":"users","name":"Listar usuarios","path":"/dashboard/usuarios/listar-usuarios"},{"active":true,"id":"users-create","mainRoute":"users","name":"Crear usuario","path":"/dashboard/usuarios/crear-usuario"}]}],"title":"Administración"},{"id":"inventory-management","routes":[{"active":true,"icon":"inventory-icon","id":"inventory-management","name":"Gestión de Stock","path":"/dashBoard/inventario","subroutes":[{"active":true,"id":"inventory-adjust","mainRoute":"inventory-management","name":"Ajustar producto","path":"/dashboard/inventario/ajustar-producto"},{"active":true,"id":"inventory-sales","mainRoute":"inventory-management","name":"Registrar venta","path":"/dashboard/inventario/registrar-venta"},{"active":true,"id":"inventory-add","mainRoute":"inventory-management","name":"Agregar inventario","path":"/dashboard/inventario/agregar-inventario"}]}],"title":"Inventario"}],"level":"debug","message":"MenuController: Preparando respuesta de éxito: ","timestamp":"2025-07-29 12:34:33"}
{"level":"info","message":"MenuController: Inicio del proceso de obtencion del menu del usuario","timestamp":"2025-07-29 12:34:57"}
{"level":"info","message":"MenuController: Llamando al servicio UserService.getMenuUser.","timestamp":"2025-07-29 12:34:57"}
{"level":"info","message":"MenuController: Sedes encontradas.","timestamp":"2025-07-29 12:34:57"}
{"data":[{"id":"general-reports","routes":[{"active":true,"icon":"reports-icon","id":"general-reports","name":"Reportes","path":"/dashBoard/reportes","subroutes":[{"active":true,"id":"report-general","mainRoute":"general-reports","name":"Estado general","path":"/dashboard/reportes/reporte-general"},{"active":true,"id":"report-low-stock","mainRoute":"general-reports","name":"Bajo stock","path":"/dashboard/reportes/reporte-bajo-stock"},{"active":true,"id":"report-total-stock","mainRoute":"general-reports","name":"Valor total inventario","path":"/dashboard/reportes/reporte-total-stock"}]}],"title":"Reportes"},{"id":"products","routes":[{"active":true,"icon":"products-icon","id":"products","name":"Productos","path":"/dashBoard/productos","subroutes":[{"active":true,"id":"products-registry","mainRoute":"products","name":"Registrar producto","path":"/dashboard/productos/registrar-producto"},{"active":true,"id":"products-list","mainRoute":"products","name":"Listado de productos","path":"/dashboard/productos/lista-productos"},{"active":true,"id":"products-modify","mainRoute":"products","name":"Modificar producto","path":"/dashboard/productos/modificar-producto"},{"active":true,"id":"products-search","mainRoute":"products","name":"Buscar producto","path":"/dashboard/productos/buscar-producto"}]}],"title":"Productos"},{"id":"users","routes":[{"active":true,"icon":"users-icon","id":"users","name":"Usuarios","path":"/dashBoard/usuarios","subroutes":[{"active":true,"id":"users-update","mainRoute":"users","name":"Modificar usuario","path":"/dashboard/usuarios/modificar-usuario"},{"active":true,"id":"users-list","mainRoute":"users","name":"Listar usuarios","path":"/dashboard/usuarios/listar-usuarios"},{"active":true,"id":"users-create","mainRoute":"users","name":"Crear usuario","path":"/dashboard/usuarios/crear-usuario"}]}],"title":"Administración"},{"id":"inventory-management","routes":[{"active":true,"icon":"inventory-icon","id":"inventory-management","name":"Gestión de Stock","path":"/dashBoard/inventario","subroutes":[{"active":true,"id":"inventory-adjust","mainRoute":"inventory-management","name":"Ajustar producto","path":"/dashboard/inventario/ajustar-producto"},{"active":true,"id":"inventory-sales","mainRoute":"inventory-management","name":"Registrar venta","path":"/dashboard/inventario/registrar-venta"},{"active":true,"id":"inventory-add","mainRoute":"inventory-management","name":"Agregar inventario","path":"/dashboard/inventario/agregar-inventario"}]}],"title":"Inventario"}],"level":"debug","message":"MenuController: Preparando respuesta de éxito: ","timestamp":"2025-07-29 12:34:57"}
{"level":"info","message":"MenuController: Inicio del proceso de obtencion del menu del usuario","timestamp":"2025-07-29 13:28:07"}
{"level":"info","message":"MenuController: Llamando al servicio UserService.getMenuUser.","timestamp":"2025-07-29 13:28:07"}
{"level":"info","message":"MenuController: Sedes encontradas.","timestamp":"2025-07-29 13:28:07"}
{"data":[{"id":"general-reports","routes":[{"active":true,"icon":"reports-icon","id":"general-reports","name":"Reportes","path":"/dashBoard/reportes","subroutes":[{"active":true,"id":"report-general","mainRoute":"general-reports","name":"Estado general","path":"/dashboard/reportes/reporte-general"},{"active":true,"id":"report-low-stock","mainRoute":"general-reports","name":"Bajo stock","path":"/dashboard/reportes/reporte-bajo-stock"},{"active":true,"id":"report-total-stock","mainRoute":"general-reports","name":"Valor total inventario","path":"/dashboard/reportes/reporte-total-stock"}]}],"title":"Reportes"},{"id":"products","routes":[{"active":true,"icon":"products-icon","id":"products","name":"Productos","path":"/dashBoard/productos","subroutes":[{"active":true,"id":"products-registry","mainRoute":"products","name":"Registrar producto","path":"/dashboard/productos/registrar-producto"},{"active":true,"id":"products-list","mainRoute":"products","name":"Listado de productos","path":"/dashboard/productos/lista-productos"},{"active":true,"id":"products-modify","mainRoute":"products","name":"Modificar producto","path":"/dashboard/productos/modificar-producto"},{"active":true,"id":"products-search","mainRoute":"products","name":"Buscar producto","path":"/dashboard/productos/buscar-producto"}]}],"title":"Productos"},{"id":"users","routes":[{"active":true,"icon":"users-icon","id":"users","name":"Usuarios","path":"/dashBoard/usuarios","subroutes":[{"active":true,"id":"users-update","mainRoute":"users","name":"Modificar usuario","path":"/dashboard/usuarios/modificar-usuario"},{"active":true,"id":"users-list","mainRoute":"users","name":"Listar usuarios","path":"/dashboard/usuarios/listar-usuarios"},{"active":true,"id":"users-create","mainRoute":"users","name":"Crear usuario","path":"/dashboard/usuarios/crear-usuario"}]}],"title":"Administración"},{"id":"inventory-management","routes":[{"active":true,"icon":"inventory-icon","id":"inventory-management","name":"Gestión de Stock","path":"/dashBoard/inventario","subroutes":[{"active":true,"id":"inventory-adjust","mainRoute":"inventory-management","name":"Ajustar producto","path":"/dashboard/inventario/ajustar-producto"},{"active":true,"id":"inventory-sales","mainRoute":"inventory-management","name":"Registrar venta","path":"/dashboard/inventario/registrar-venta"},{"active":true,"id":"inventory-add","mainRoute":"inventory-management","name":"Agregar inventario","path":"/dashboard/inventario/agregar-inventario"}]}],"title":"Inventario"}],"level":"debug","message":"MenuController: Preparando respuesta de éxito: ","timestamp":"2025-07-29 13:28:07"}
{"level":"info","message":"MenuController: Inicio del proceso de obtencion del menu del usuario","timestamp":"2025-07-29 13:28:49"}
{"level":"info","message":"MenuController: Llamando al servicio UserService.getMenuUser.","timestamp":"2025-07-29 13:28:49"}
{"level":"info","message":"MenuController: Sedes encontradas.","timestamp":"2025-07-29 13:28:50"}
{"data":[{"id":"general-reports","routes":[{"active":true,"icon":"reports-icon","id":"general-reports","name":"Reportes","path":"/dashBoard/reportes","subroutes":[{"active":true,"id":"report-general","mainRoute":"general-reports","name":"Estado general","path":"/dashboard/reportes/reporte-general"},{"active":true,"id":"report-low-stock","mainRoute":"general-reports","name":"Bajo stock","path":"/dashboard/reportes/reporte-bajo-stock"},{"active":true,"id":"report-total-stock","mainRoute":"general-reports","name":"Valor total inventario","path":"/dashboard/reportes/reporte-total-stock"}]}],"title":"Reportes"},{"id":"products","routes":[{"active":true,"icon":"products-icon","id":"products","name":"Productos","path":"/dashBoard/productos","subroutes":[{"active":true,"id":"products-registry","mainRoute":"products","name":"Registrar producto","path":"/dashboard/productos/registrar-producto"},{"active":true,"id":"products-list","mainRoute":"products","name":"Listado de productos","path":"/dashboard/productos/lista-productos"},{"active":true,"id":"products-modify","mainRoute":"products","name":"Modificar producto","path":"/dashboard/productos/modificar-producto"},{"active":true,"id":"products-search","mainRoute":"products","name":"Buscar producto","path":"/dashboard/productos/buscar-producto"}]}],"title":"Productos"},{"id":"users","routes":[{"active":true,"icon":"users-icon","id":"users","name":"Usuarios","path":"/dashBoard/usuarios","subroutes":[{"active":true,"id":"users-update","mainRoute":"users","name":"Modificar usuario","path":"/dashboard/usuarios/modificar-usuario"},{"active":true,"id":"users-list","mainRoute":"users","name":"Listar usuarios","path":"/dashboard/usuarios/listar-usuarios"},{"active":true,"id":"users-create","mainRoute":"users","name":"Crear usuario","path":"/dashboard/usuarios/crear-usuario"}]}],"title":"Administración"},{"id":"inventory-management","routes":[{"active":true,"icon":"inventory-icon","id":"inventory-management","name":"Gestión de Stock","path":"/dashBoard/inventario","subroutes":[{"active":true,"id":"inventory-adjust","mainRoute":"inventory-management","name":"Ajustar producto","path":"/dashboard/inventario/ajustar-producto"},{"active":true,"id":"inventory-sales","mainRoute":"inventory-management","name":"Registrar venta","path":"/dashboard/inventario/registrar-venta"},{"active":true,"id":"inventory-add","mainRoute":"inventory-management","name":"Agregar inventario","path":"/dashboard/inventario/agregar-inventario"}]}],"title":"Inventario"}],"level":"debug","message":"MenuController: Preparando respuesta de éxito: ","timestamp":"2025-07-29 13:28:50"}
{"level":"info","message":"MenuController: Inicio del proceso de obtencion del menu del usuario","timestamp":"2025-07-29 13:29:31"}
{"level":"info","message":"MenuController: Llamando al servicio UserService.getMenuUser.","timestamp":"2025-07-29 13:29:31"}
{"level":"info","message":"MenuController: Sedes encontradas.","timestamp":"2025-07-29 13:29:31"}
{"data":[{"id":"general-reports","routes":[{"active":true,"icon":"reports-icon","id":"general-reports","name":"Reportes","path":"/dashBoard/reportes","subroutes":[{"active":true,"id":"report-general","mainRoute":"general-reports","name":"Estado general","path":"/dashboard/reportes/reporte-general"},{"active":true,"id":"report-low-stock","mainRoute":"general-reports","name":"Bajo stock","path":"/dashboard/reportes/reporte-bajo-stock"},{"active":true,"id":"report-total-stock","mainRoute":"general-reports","name":"Valor total inventario","path":"/dashboard/reportes/reporte-total-stock"}]}],"title":"Reportes"},{"id":"products","routes":[{"active":true,"icon":"products-icon","id":"products","name":"Productos","path":"/dashBoard/productos","subroutes":[{"active":true,"id":"products-registry","mainRoute":"products","name":"Registrar producto","path":"/dashboard/productos/registrar-producto"},{"active":true,"id":"products-list","mainRoute":"products","name":"Listado de productos","path":"/dashboard/productos/lista-productos"},{"active":true,"id":"products-modify","mainRoute":"products","name":"Modificar producto","path":"/dashboard/productos/modificar-producto"},{"active":true,"id":"products-search","mainRoute":"products","name":"Buscar producto","path":"/dashboard/productos/buscar-producto"}]}],"title":"Productos"},{"id":"users","routes":[{"active":true,"icon":"users-icon","id":"users","name":"Usuarios","path":"/dashBoard/usuarios","subroutes":[{"active":true,"id":"users-update","mainRoute":"users","name":"Modificar usuario","path":"/dashboard/usuarios/modificar-usuario"},{"active":true,"id":"users-list","mainRoute":"users","name":"Listar usuarios","path":"/dashboard/usuarios/listar-usuarios"},{"active":true,"id":"users-create","mainRoute":"users","name":"Crear usuario","path":"/dashboard/usuarios/crear-usuario"}]}],"title":"Administración"},{"id":"inventory-management","routes":[{"active":true,"icon":"inventory-icon","id":"inventory-management","name":"Gestión de Stock","path":"/dashBoard/inventario","subroutes":[{"active":true,"id":"inventory-adjust","mainRoute":"inventory-management","name":"Ajustar producto","path":"/dashboard/inventario/ajustar-producto"},{"active":true,"id":"inventory-sales","mainRoute":"inventory-management","name":"Registrar venta","path":"/dashboard/inventario/registrar-venta"},{"active":true,"id":"inventory-add","mainRoute":"inventory-management","name":"Agregar inventario","path":"/dashboard/inventario/agregar-inventario"}]}],"title":"Inventario"}],"level":"debug","message":"MenuController: Preparando respuesta de éxito: ","timestamp":"2025-07-29 13:29:31"}
{"level":"info","message":"✅ Todas las dependencias han sido configuradas exitosamente.","timestamp":"2025-07-29 14:26:03"}
{"level":"info","message":"Verificando la resolución de dependencias clave...","timestamp":"2025-07-29 14:26:03"}
{"level":"info","message":"🚀 Verificación de dependencias exitosa. El contenedor está listo.","timestamp":"2025-07-29 14:26:03"}
{"level":"info","message":"✅ Todas las dependencias han sido configuradas exitosamente.","timestamp":"2025-07-29 14:30:36"}
{"level":"info","message":"✅ Todas las dependencias han sido configuradas exitosamente.","timestamp":"2025-07-29 14:31:14"}
{"level":"info","message":"✅ Todas las dependencias han sido configuradas exitosamente.","timestamp":"2025-07-29 15:24:11"}
{"level":"info","message":"Verificando la resolución de dependencias clave...","timestamp":"2025-07-29 15:24:11"}
{"level":"info","message":"🚀 Verificación de dependencias exitosa. El contenedor está listo.","timestamp":"2025-07-29 15:24:11"}
{"level":"info","message":"✅ Todas las dependencias han sido configuradas exitosamente.","timestamp":"2025-07-29 15:40:54"}
{"level":"info","message":"✅ Todas las dependencias han sido configuradas exitosamente.","timestamp":"2025-07-29 15:42:44"}
{"level":"info","message":"✅ Todas las dependencias han sido configuradas exitosamente.","timestamp":"2025-07-29 15:43:06"}
{"level":"info","message":"✅ Todas las dependencias han sido configuradas exitosamente.","timestamp":"2025-07-29 15:43:31"}
{"level":"info","message":"✅ Todas las dependencias han sido configuradas exitosamente.","timestamp":"2025-07-29 15:43:59"}
{"level":"info","message":"✅ Todas las dependencias han sido configuradas exitosamente.","timestamp":"2025-07-29 16:35:02"}
{"level":"info","message":"✅ Todas las dependencias han sido configuradas exitosamente.","timestamp":"2025-07-29 16:35:20"}
{"level":"info","message":"✅ Todas las dependencias han sido configuradas exitosamente.","timestamp":"2025-07-29 16:36:00"}
{"level":"info","message":"✅ Todas las dependencias han sido configuradas exitosamente.","timestamp":"2025-07-29 16:42:38"}
{"level":"info","message":"✅ Todas las dependencias han sido configuradas exitosamente.","timestamp":"2025-07-29 16:44:25"}
{"level":"info","message":"✅ Todas las dependencias han sido configuradas exitosamente.","timestamp":"2025-07-29 16:47:10"}
