{"level":"info","message":"✅ Todas las dependencias han sido configuradas exitosamente.","timestamp":"2025-07-25 14:30:12"}
{"level":"info","message":"Verificando la resolución de dependencias clave...","timestamp":"2025-07-25 14:30:12"}
{"level":"info","message":"🚀 Verificación de dependencias exitosa. El contenedor está listo.","timestamp":"2025-07-25 14:30:12"}
{"level":"info","message":"✅ Todas las dependencias han sido configuradas exitosamente.","timestamp":"2025-07-25 14:30:41"}
{"level":"info","message":"✅ Todas las dependencias han sido configuradas exitosamente.","timestamp":"2025-07-25 15:01:57"}
{"level":"info","message":"Verificando la resolución de dependencias clave...","timestamp":"2025-07-25 15:01:57"}
{"level":"info","message":"🚀 Verificación de dependencias exitosa. El contenedor está listo.","timestamp":"2025-07-25 15:01:57"}
{"level":"info","message":"RoleConfigController: Inicio del proceso de obtener los roles a traves de las configuraciones de rol","timestamp":"2025-07-25 15:02:26"}
{"level":"info","message":"RoleConfigController: Llamando al servicio RoleConfigService.findRolesByConfigRoles.","timestamp":"2025-07-25 15:02:26"}
{"level":"info","message":"RoleConfigController: Roles encontrados.","timestamp":"2025-07-25 15:02:26"}
{"data":[{"__v":0,"_id":"67f7f5ff4f0b312a2319fc59","createdAt":"2025-04-10T16:46:55.942Z","description":"Administrador general","idRole":"04","isActive":false,"isDefault":false,"label":"Administrador","managePermissions":true,"name":"Administrador","permissions":["67f7f3a2c8e38dcebedeba51","67f7f3a2c8e38dcebedeba54","67f7f3a2c8e38dcebedeba52","67f7f3a2c8e38dcebedeba58","67f7f3a2c8e38dcebedeba59","67f7f3a2c8e38dcebedeba5a","67f7f3a2c8e38dcebedeba53","67f7f3a2c8e38dcebedeba55","67f7f3a2c8e38dcebedeba56","67f7f3a2c8e38dcebedeba57","67f7f3a2c8e38dcebedeba5b","67f7f3a2c8e38dcebedeba5c","67f7f3a2c8e38dcebedeba5d"],"permissionsSecurity":["67f7f5b8c9604dfe14db3d51","67f7f5b8c9604dfe14db3d52","67f7f5b8c9604dfe14db3d53"],"updatedAt":"2025-04-10T16:46:55.942Z"},{"__v":0,"_id":"67f7f5ff4f0b312a2319fc58","createdAt":"2025-04-10T16:46:55.941Z","description":"Gestiona el inventario","idRole":"03","isActive":false,"isDefault":false,"label":"Gestor de Inventario","managePermissions":false,"name":"Gestor de Inventario","permissions":["67f7f3a2c8e38dcebedeba51","67f7f3a2c8e38dcebedeba54","67f7f3a2c8e38dcebedeba52","67f7f3a2c8e38dcebedeba58","67f7f3a2c8e38dcebedeba59","67f7f3a2c8e38dcebedeba5a","67f7f3a2c8e38dcebedeba53","67f7f3a2c8e38dcebedeba55","67f7f3a2c8e38dcebedeba56","67f7f3a2c8e38dcebedeba57"],"permissionsSecurity":[],"updatedAt":"2025-04-10T16:46:55.941Z"},{"__v":0,"_id":"67f7f5ff4f0b312a2319fc57","createdAt":"2025-04-10T16:46:55.941Z","description":"Supervisa inventarios","idRole":"02","isActive":false,"isDefault":false,"label":"Supervisor de Inventario","managePermissions":false,"name":"Supervisor de Inventario","permissions":["67f7f3a2c8e38dcebedeba51","67f7f3a2c8e38dcebedeba54","67f7f3a2c8e38dcebedeba52","67f7f3a2c8e38dcebedeba58","67f7f3a2c8e38dcebedeba59","67f7f3a2c8e38dcebedeba5a"],"permissionsSecurity":[],"updatedAt":"2025-05-08T16:16:10.960Z"},{"__v":0,"_id":"67f7f5ff4f0b312a2319fc56","createdAt":"2025-04-10T16:46:55.941Z","description":"Trabaja en almacenes","idRole":"01","isActive":false,"isDefault":true,"label":"Empleado de Almacén","managePermissions":false,"name":"Empleado de Almacen","permissions":["67f7f3a2c8e38dcebedeba51","67f7f3a2c8e38dcebedeba54","67f7f3a2c8e38dcebedeba52"],"permissionsSecurity":[],"updatedAt":"2025-05-08T18:12:05.575Z"},{"__v":0,"_id":"681cbf83983a4218cb3de111","createdAt":"2025-05-08T14:28:19.273Z","description":"Test-description-update","idRole":"06","isActive":false,"isDefault":false,"label":"Test-label-update","managePermissions":false,"name":"Test-rol-update","permissions":["67f7f3a2c8e38dcebedeba53"],"permissionsSecurity":[],"updatedAt":"2025-05-12T20:23:22.880Z"}],"level":"debug","message":"RoleConfigController: Preparando respuesta de éxito: ","timestamp":"2025-07-25 15:02:26"}
{"level":"info","message":"✅ Todas las dependencias han sido configuradas exitosamente.","timestamp":"2025-07-25 15:36:02"}
{"level":"info","message":"Verificando la resolución de dependencias clave...","timestamp":"2025-07-25 15:36:02"}
{"level":"info","message":"🚀 Verificación de dependencias exitosa. El contenedor está listo.","timestamp":"2025-07-25 15:36:02"}
{"level":"info","message":"RoleConfigController: Inicio del proceso de obtener los roles a traves de las configuraciones de rol","timestamp":"2025-07-25 15:36:13"}
{"level":"info","message":"RoleConfigController: Llamando al servicio RoleConfigService.findRolesByConfigRoles.","timestamp":"2025-07-25 15:36:13"}
{"level":"info","message":"RoleConfigController: Roles encontrados.","timestamp":"2025-07-25 15:36:13"}
{"data":[],"level":"debug","message":"RoleConfigController: Preparando respuesta de éxito: ","timestamp":"2025-07-25 15:36:13"}
{"level":"info","message":"RoleConfigController: Inicio del proceso de obtener los roles a traves de las configuraciones de rol","timestamp":"2025-07-25 15:36:17"}
{"level":"info","message":"RoleConfigController: Llamando al servicio RoleConfigService.findRolesByConfigRoles.","timestamp":"2025-07-25 15:36:17"}
{"level":"info","message":"RoleConfigController: Roles encontrados.","timestamp":"2025-07-25 15:36:17"}
{"data":[],"level":"debug","message":"RoleConfigController: Preparando respuesta de éxito: ","timestamp":"2025-07-25 15:36:17"}
{"level":"info","message":"✅ Todas las dependencias han sido configuradas exitosamente.","timestamp":"2025-07-25 15:59:00"}
{"level":"info","message":"✅ Todas las dependencias han sido configuradas exitosamente.","timestamp":"2025-07-25 16:08:40"}
{"level":"info","message":"✅ Todas las dependencias han sido configuradas exitosamente.","timestamp":"2025-07-25 16:09:44"}
{"level":"info","message":"✅ Todas las dependencias han sido configuradas exitosamente.","timestamp":"2025-07-25 16:12:55"}
{"level":"info","message":"✅ Todas las dependencias han sido configuradas exitosamente.","timestamp":"2025-07-25 16:20:44"}
{"level":"info","message":"Verificando la resolución de dependencias clave...","timestamp":"2025-07-25 16:20:44"}
{"level":"info","message":"🚀 Verificación de dependencias exitosa. El contenedor está listo.","timestamp":"2025-07-25 16:20:44"}
{"level":"info","message":"RoleConfigController: Inicio del proceso de obtener los roles a traves de las configuraciones de rol","timestamp":"2025-07-25 16:20:49"}
{"level":"info","message":"RoleConfigController: Llamando al servicio RoleConfigService.findRolesByConfigRoles.","timestamp":"2025-07-25 16:20:49"}
{"level":"info","message":"RoleConfigController: Roles encontrados.","timestamp":"2025-07-25 16:20:49"}
{"data":[{"_id":"67f7f5ff4f0b312a2319fc59","idRole":"04","label":"Administrador","name":"Administrador"},{"_id":"67f7f5ff4f0b312a2319fc58","idRole":"03","label":"Gestor de Inventario","name":"Gestor de Inventario"},{"_id":"67f7f5ff4f0b312a2319fc57","idRole":"02","label":"Supervisor de Inventario","name":"Supervisor de Inventario"},{"_id":"67f7f5ff4f0b312a2319fc56","idRole":"01","label":"Empleado de Almacén","name":"Empleado de Almacen"}],"level":"debug","message":"RoleConfigController: Preparando respuesta de éxito: ","timestamp":"2025-07-25 16:20:49"}
