{"level":"info","message":"✅ Todas las dependencias han sido configuradas exitosamente.","timestamp":"2025-08-01 10:00:29"}
{"level":"info","message":"Verificando la resolución de dependencias clave...","timestamp":"2025-08-01 10:00:29"}
{"level":"info","message":"🚀 Verificación de dependencias exitosa. El contenedor está listo.","timestamp":"2025-08-01 10:00:29"}
{"level":"info","message":"✅ Todas las dependencias han sido configuradas exitosamente.","timestamp":"2025-08-01 10:25:33"}
{"level":"info","message":"✅ Todas las dependencias han sido configuradas exitosamente.","timestamp":"2025-08-01 10:28:45"}
{"level":"info","message":"✅ Todas las dependencias han sido configuradas exitosamente.","timestamp":"2025-08-01 10:31:18"}
{"level":"info","message":"✅ Todas las dependencias han sido configuradas exitosamente.","timestamp":"2025-08-01 10:32:19"}
{"level":"info","message":"✅ Todas las dependencias han sido configuradas exitosamente.","timestamp":"2025-08-01 10:33:20"}
{"level":"debug","message":"[ProductStockRepository] Pipeline finalizado. Resultados encontrados: 4","timestamp":"2025-08-01 10:52:25"}
{"level":"info","message":"✅ Todas las dependencias han sido configuradas exitosamente.","timestamp":"2025-08-01 11:34:31"}
{"level":"debug","message":"[ProductStockRepository] Pipeline finalizado. Resultados encontrados: 4","timestamp":"2025-08-01 11:34:35"}
{"level":"info","message":"✅ Todas las dependencias han sido configuradas exitosamente.","timestamp":"2025-08-01 11:35:15"}
{"level":"debug","message":"[ProductStockRepository] Pipeline finalizado. Resultados encontrados: 4","timestamp":"2025-08-01 11:35:18"}
{"level":"info","message":"✅ Todas las dependencias han sido configuradas exitosamente.","timestamp":"2025-08-01 11:36:29"}
{"level":"debug","message":"[ProductStockRepository] Pipeline finalizado. Resultados encontrados: 4","timestamp":"2025-08-01 11:36:32"}
{"level":"info","message":"✅ Todas las dependencias han sido configuradas exitosamente.","timestamp":"2025-08-01 11:40:15"}
{"level":"debug","message":"[ProductStockRepository] Pipeline finalizado. Resultados encontrados: 4","timestamp":"2025-08-01 11:40:19"}
{"level":"info","message":"MenuController: Inicio del proceso de obtencion del menu del usuario","timestamp":"2025-08-01 11:40:53"}
{"level":"info","message":"MenuController: Llamando al servicio UserService.getMenuUser.","timestamp":"2025-08-01 11:40:53"}
{"level":"info","message":"MenuController: Sedes encontradas.","timestamp":"2025-08-01 11:40:54"}
{"data":[{"id":"general-reports","routes":[{"active":true,"icon":"reports-icon","id":"general-reports","name":"Reportes","path":"/dashBoard/reportes","subroutes":[{"active":true,"id":"report-general","mainRoute":"general-reports","name":"Estado general","path":"/dashboard/reportes/reporte-general"},{"active":true,"id":"report-low-stock","mainRoute":"general-reports","name":"Bajo stock","path":"/dashboard/reportes/reporte-bajo-stock"},{"active":true,"id":"report-total-stock","mainRoute":"general-reports","name":"Valor total inventario","path":"/dashboard/reportes/reporte-total-stock"}]}],"title":"Reportes"},{"id":"products","routes":[{"active":true,"icon":"products-icon","id":"products","name":"Productos","path":"/dashBoard/productos","subroutes":[{"active":true,"id":"products-registry","mainRoute":"products","name":"Registrar producto","path":"/dashboard/productos/registrar-producto"},{"active":true,"id":"products-list","mainRoute":"products","name":"Listado de productos","path":"/dashboard/productos/lista-productos"},{"active":true,"id":"products-modify","mainRoute":"products","name":"Modificar producto","path":"/dashboard/productos/modificar-producto"},{"active":true,"id":"products-search","mainRoute":"products","name":"Buscar producto","path":"/dashboard/productos/buscar-producto"}]}],"title":"Productos"},{"id":"users","routes":[{"active":true,"icon":"users-icon","id":"users","name":"Usuarios","path":"/dashBoard/usuarios","subroutes":[{"active":true,"id":"users-update","mainRoute":"users","name":"Modificar usuario","path":"/dashboard/usuarios/modificar-usuario"},{"active":true,"id":"users-list","mainRoute":"users","name":"Listar usuarios","path":"/dashboard/usuarios/listar-usuarios"},{"active":true,"id":"users-create","mainRoute":"users","name":"Crear usuario","path":"/dashboard/usuarios/crear-usuario"}]}],"title":"Administración"},{"id":"inventory-management","routes":[{"active":true,"icon":"inventory-icon","id":"inventory-management","name":"Gestión de Stock","path":"/dashBoard/inventario","subroutes":[{"active":true,"id":"inventory-adjust","mainRoute":"inventory-management","name":"Ajustar producto","path":"/dashboard/inventario/ajustar-producto"},{"active":true,"id":"inventory-sales","mainRoute":"inventory-management","name":"Registrar venta","path":"/dashboard/inventario/registrar-venta"},{"active":true,"id":"inventory-add","mainRoute":"inventory-management","name":"Agregar inventario","path":"/dashboard/inventario/agregar-inventario"}]}],"title":"Inventario"}],"level":"debug","message":"MenuController: Preparando respuesta de éxito: ","timestamp":"2025-08-01 11:40:54"}
{"level":"info","message":"✅ Todas las dependencias han sido configuradas exitosamente.","timestamp":"2025-08-01 12:58:08"}
{"level":"info","message":"✅ Todas las dependencias han sido configuradas exitosamente.","timestamp":"2025-08-01 15:12:44"}
{"level":"info","message":"✅ Todas las dependencias han sido configuradas exitosamente.","timestamp":"2025-08-01 15:14:29"}
{"level":"info","message":"✅ Todas las dependencias han sido configuradas exitosamente.","timestamp":"2025-08-01 15:52:56"}
{"level":"info","message":"✅ Todas las dependencias han sido configuradas exitosamente.","timestamp":"2025-08-01 16:41:45"}
{"level":"info","message":"✅ Todas las dependencias han sido configuradas exitosamente.","timestamp":"2025-08-01 16:43:07"}
